2020/09/23 09:09:23 [trace] [application] params >> array (
  'HOST_DOMAIN' => 'moneymag.ml',
  'MERCHANT_DOMAIN' => 'moneymag.ml/multishop-merchant/www',
  'SHOP_DOMAIN' => 'moneymag.ml/multishop-shop/www',
  'API_DOMAIN' => 'moneymag.ml/multishop-api/web',
  'BACKUP_PATH' => '/home/adeola/backup',
  'ORG_NAME' => 'Multishop.org',
  'APP_VERSION' => 'Beta',
  'OAUTH_CLIENT_PORTAL' => 'ShopbayOauthApp',
  'CSRF_TOKEN_NAME' => 'APP_CSRF_TOKEN',
  'LOCALE_DEFAULT' => 'en_sg',
  'DATETIME_FORMAT' => 'd/M/yy h:mm a',
  'DATE_FORMAT' => 'd/M/yy',
  'BOWER_ASSET_DIR' => 'bower-asset',
)
in /var/www/moneymag.ml/multishop-kernel/components/Yii.php (455)
in /var/www/moneymag.ml/multishop-console/config/main.php (17)
in /var/www/moneymag.ml/multishop-kernel/components/Yii.php (123)
in /var/www/moneymag.ml/multishop-kernel/components/Yii.php (111)
in /var/www/moneymag.ml/multishop-console/console (35)
2020/09/23 09:09:23 [trace] [application] *** start loading dependencies ***
in /var/www/moneymag.ml/multishop-kernel/components/Yii.php (455)
in /var/www/moneymag.ml/multishop-kernel/config/globals.php (296)
in /var/www/moneymag.ml/multishop-console/config/dependencies.php (69)
in /var/www/moneymag.ml/multishop-console/config/main.php (21)
in /var/www/moneymag.ml/multishop-kernel/components/Yii.php (123)
in /var/www/moneymag.ml/multishop-kernel/components/Yii.php (111)
in /var/www/moneymag.ml/multishop-console/console (35)
2020/09/23 09:09:23 [trace] [application] *** start loading modules ***
in /var/www/moneymag.ml/multishop-kernel/components/Yii.php (455)
in /var/www/moneymag.ml/multishop-kernel/config/globals.php (333)
in /var/www/moneymag.ml/multishop-console/config/main.php (50)
in /var/www/moneymag.ml/multishop-kernel/components/Yii.php (123)
in /var/www/moneymag.ml/multishop-kernel/components/Yii.php (111)
in /var/www/moneymag.ml/multishop-console/console (35)
2020/09/23 09:09:38 [trace] [application] params >> array (
  'HOST_DOMAIN' => 'moneymag.ml',
  'MERCHANT_DOMAIN' => 'moneymag.ml/multishop-merchant/www',
  'SHOP_DOMAIN' => 'moneymag.ml/multishop-shop/www',
  'API_DOMAIN' => 'moneymag.ml/multishop-api/web',
  'BACKUP_PATH' => '/home/adeola/backup',
  'ORG_NAME' => 'Multishop.org',
  'APP_VERSION' => 'Beta',
  'OAUTH_CLIENT_PORTAL' => 'ShopbayOauthApp',
  'CSRF_TOKEN_NAME' => 'APP_CSRF_TOKEN',
  'LOCALE_DEFAULT' => 'en_sg',
  'DATETIME_FORMAT' => 'd/M/yy h:mm a',
  'DATE_FORMAT' => 'd/M/yy',
  'BOWER_ASSET_DIR' => 'bower-asset',
)
in /var/www/moneymag.ml/multishop-kernel/components/Yii.php (455)
in /var/www/moneymag.ml/multishop-console/config/main.php (17)
in /var/www/moneymag.ml/multishop-kernel/components/Yii.php (123)
in /var/www/moneymag.ml/multishop-kernel/components/Yii.php (111)
in /var/www/moneymag.ml/multishop-console/console (35)
2020/09/23 09:09:38 [trace] [application] *** start loading dependencies ***
in /var/www/moneymag.ml/multishop-kernel/components/Yii.php (455)
in /var/www/moneymag.ml/multishop-kernel/config/globals.php (296)
in /var/www/moneymag.ml/multishop-console/config/dependencies.php (69)
in /var/www/moneymag.ml/multishop-console/config/main.php (21)
in /var/www/moneymag.ml/multishop-kernel/components/Yii.php (123)
in /var/www/moneymag.ml/multishop-kernel/components/Yii.php (111)
in /var/www/moneymag.ml/multishop-console/console (35)
2020/09/23 09:09:38 [trace] [application] *** start loading modules ***
in /var/www/moneymag.ml/multishop-kernel/components/Yii.php (455)
in /var/www/moneymag.ml/multishop-kernel/config/globals.php (333)
in /var/www/moneymag.ml/multishop-console/config/main.php (50)
in /var/www/moneymag.ml/multishop-kernel/components/Yii.php (123)
in /var/www/moneymag.ml/multishop-kernel/components/Yii.php (111)
in /var/www/moneymag.ml/multishop-console/console (35)
2020/09/23 09:09:38 [info] [application] Run sii command for /var/www/moneymag.ml/multishop-console/../sii/all/config.php
in /var/www/moneymag.ml/multishop-kernel/components/SCommand.php (38)
in /var/www/moneymag.ml/multishop-kernel/components/SCommand.php (28)
in /var/www/moneymag.ml/multishop-console/commands/SiiCommand.php (88)
in /var/www/moneymag.ml/multishop-console/console (42)
2020/09/23 09:10:03 [trace] [application] params >> array (
  'HOST_DOMAIN' => 'moneymag.ml',
  'MERCHANT_DOMAIN' => 'moneymag.ml/multishop-merchant/www',
  'SHOP_DOMAIN' => 'moneymag.ml/multishop-shop/www',
  'API_DOMAIN' => 'moneymag.ml/multishop-api/web',
  'BACKUP_PATH' => '/home/adeola/backup',
  'ORG_NAME' => 'Multishop.org',
  'APP_VERSION' => 'Beta',
  'OAUTH_CLIENT_PORTAL' => 'ShopbayOauthApp',
  'CSRF_TOKEN_NAME' => 'APP_CSRF_TOKEN',
  'LOCALE_DEFAULT' => 'en_sg',
  'DATETIME_FORMAT' => 'd/M/yy h:mm a',
  'DATE_FORMAT' => 'd/M/yy',
  'BOWER_ASSET_DIR' => 'bower-asset',
)
in /var/www/moneymag.ml/multishop-kernel/components/Yii.php (455)
in /var/www/moneymag.ml/multishop-console/config/main.php (17)
in /var/www/moneymag.ml/multishop-kernel/components/Yii.php (123)
in /var/www/moneymag.ml/multishop-kernel/components/Yii.php (111)
in /var/www/moneymag.ml/multishop-console/console (35)
2020/09/23 09:10:03 [trace] [application] *** start loading dependencies ***
in /var/www/moneymag.ml/multishop-kernel/components/Yii.php (455)
in /var/www/moneymag.ml/multishop-kernel/config/globals.php (296)
in /var/www/moneymag.ml/multishop-console/config/dependencies.php (69)
in /var/www/moneymag.ml/multishop-console/config/main.php (21)
in /var/www/moneymag.ml/multishop-kernel/components/Yii.php (123)
in /var/www/moneymag.ml/multishop-kernel/components/Yii.php (111)
in /var/www/moneymag.ml/multishop-console/console (35)
2020/09/23 09:10:03 [trace] [application] *** start loading modules ***
in /var/www/moneymag.ml/multishop-kernel/components/Yii.php (455)
in /var/www/moneymag.ml/multishop-kernel/config/globals.php (333)
in /var/www/moneymag.ml/multishop-console/config/main.php (50)
in /var/www/moneymag.ml/multishop-kernel/components/Yii.php (123)
in /var/www/moneymag.ml/multishop-kernel/components/Yii.php (111)
in /var/www/moneymag.ml/multishop-console/console (35)
2020/09/23 09:10:08 [trace] [application] params >> array (
  'HOST_DOMAIN' => 'moneymag.ml',
  'MERCHANT_DOMAIN' => 'moneymag.ml/multishop-merchant/www',
  'SHOP_DOMAIN' => 'moneymag.ml/multishop-shop/www',
  'API_DOMAIN' => 'moneymag.ml/multishop-api/web',
  'BACKUP_PATH' => '/home/adeola/backup',
  'ORG_NAME' => 'Multishop.org',
  'APP_VERSION' => 'Beta',
  'OAUTH_CLIENT_PORTAL' => 'ShopbayOauthApp',
  'CSRF_TOKEN_NAME' => 'APP_CSRF_TOKEN',
  'LOCALE_DEFAULT' => 'en_sg',
  'DATETIME_FORMAT' => 'd/M/yy h:mm a',
  'DATE_FORMAT' => 'd/M/yy',
  'BOWER_ASSET_DIR' => 'bower-asset',
)
in /var/www/moneymag.ml/multishop-kernel/components/Yii.php (455)
in /var/www/moneymag.ml/multishop-console/config/main.php (17)
in /var/www/moneymag.ml/multishop-kernel/components/Yii.php (123)
in /var/www/moneymag.ml/multishop-kernel/components/Yii.php (111)
in /var/www/moneymag.ml/multishop-console/console (35)
2020/09/23 09:10:08 [trace] [application] *** start loading dependencies ***
in /var/www/moneymag.ml/multishop-kernel/components/Yii.php (455)
in /var/www/moneymag.ml/multishop-kernel/config/globals.php (296)
in /var/www/moneymag.ml/multishop-console/config/dependencies.php (69)
in /var/www/moneymag.ml/multishop-console/config/main.php (21)
in /var/www/moneymag.ml/multishop-kernel/components/Yii.php (123)
in /var/www/moneymag.ml/multishop-kernel/components/Yii.php (111)
in /var/www/moneymag.ml/multishop-console/console (35)
2020/09/23 09:10:08 [trace] [application] *** start loading modules ***
in /var/www/moneymag.ml/multishop-kernel/components/Yii.php (455)
in /var/www/moneymag.ml/multishop-kernel/config/globals.php (333)
in /var/www/moneymag.ml/multishop-console/config/main.php (50)
in /var/www/moneymag.ml/multishop-kernel/components/Yii.php (123)
in /var/www/moneymag.ml/multishop-kernel/components/Yii.php (111)
in /var/www/moneymag.ml/multishop-console/console (35)
2020/09/23 09:10:08 [info] [application] Run sii command for /var/www/moneymag.ml/multishop-console/../sii/all/config.php
in /var/www/moneymag.ml/multishop-kernel/components/SCommand.php (38)
in /var/www/moneymag.ml/multishop-kernel/components/SCommand.php (28)
in /var/www/moneymag.ml/multishop-console/commands/SiiCommand.php (88)
in /var/www/moneymag.ml/multishop-console/console (42)
2020/09/23 09:10:41 [trace] [application] params >> array (
  'HOST_DOMAIN' => 'moneymag.ml',
  'MERCHANT_DOMAIN' => 'moneymag.ml/multishop-merchant/www',
  'SHOP_DOMAIN' => 'moneymag.ml/multishop-shop/www',
  'API_DOMAIN' => 'moneymag.ml/multishop-api/web',
  'BACKUP_PATH' => '/home/adeola/backup',
  'ORG_NAME' => 'Multishop.org',
  'APP_VERSION' => 'Beta',
  'OAUTH_CLIENT_PORTAL' => 'ShopbayOauthApp',
  'CSRF_TOKEN_NAME' => 'APP_CSRF_TOKEN',
  'LOCALE_DEFAULT' => 'en_sg',
  'DATETIME_FORMAT' => 'd/M/yy h:mm a',
  'DATE_FORMAT' => 'd/M/yy',
  'BOWER_ASSET_DIR' => 'bower-asset',
)
in /var/www/moneymag.ml/multishop-kernel/components/Yii.php (455)
in /var/www/moneymag.ml/multishop-console/config/main.php (17)
in /var/www/moneymag.ml/multishop-kernel/components/Yii.php (123)
in /var/www/moneymag.ml/multishop-kernel/components/Yii.php (111)
in /var/www/moneymag.ml/multishop-console/console (35)
2020/09/23 09:10:41 [trace] [application] *** start loading dependencies ***
in /var/www/moneymag.ml/multishop-kernel/components/Yii.php (455)
in /var/www/moneymag.ml/multishop-kernel/config/globals.php (296)
in /var/www/moneymag.ml/multishop-console/config/dependencies.php (69)
in /var/www/moneymag.ml/multishop-console/config/main.php (21)
in /var/www/moneymag.ml/multishop-kernel/components/Yii.php (123)
in /var/www/moneymag.ml/multishop-kernel/components/Yii.php (111)
in /var/www/moneymag.ml/multishop-console/console (35)
2020/09/23 09:10:41 [trace] [application] *** start loading modules ***
in /var/www/moneymag.ml/multishop-kernel/components/Yii.php (455)
in /var/www/moneymag.ml/multishop-kernel/config/globals.php (333)
in /var/www/moneymag.ml/multishop-console/config/main.php (50)
in /var/www/moneymag.ml/multishop-kernel/components/Yii.php (123)
in /var/www/moneymag.ml/multishop-kernel/components/Yii.php (111)
in /var/www/moneymag.ml/multishop-console/console (35)
2020/09/23 09:10:58 [trace] [application] params >> array (
  'HOST_DOMAIN' => 'moneymag.ml',
  'MERCHANT_DOMAIN' => 'moneymag.ml/multishop-merchant/www',
  'SHOP_DOMAIN' => 'moneymag.ml/multishop-shop/www',
  'API_DOMAIN' => 'moneymag.ml/multishop-api/web',
  'BACKUP_PATH' => '/home/adeola/backup',
  'ORG_NAME' => 'Multishop.org',
  'APP_VERSION' => 'Beta',
  'OAUTH_CLIENT_PORTAL' => 'ShopbayOauthApp',
  'CSRF_TOKEN_NAME' => 'APP_CSRF_TOKEN',
  'LOCALE_DEFAULT' => 'en_sg',
  'DATETIME_FORMAT' => 'd/M/yy h:mm a',
  'DATE_FORMAT' => 'd/M/yy',
  'BOWER_ASSET_DIR' => 'bower-asset',
)
in /var/www/moneymag.ml/multishop-kernel/components/Yii.php (455)
in /var/www/moneymag.ml/multishop-console/config/main.php (17)
in /var/www/moneymag.ml/multishop-kernel/components/Yii.php (123)
in /var/www/moneymag.ml/multishop-kernel/components/Yii.php (111)
in /var/www/moneymag.ml/multishop-console/console (35)
2020/09/23 09:10:58 [trace] [application] *** start loading dependencies ***
in /var/www/moneymag.ml/multishop-kernel/components/Yii.php (455)
in /var/www/moneymag.ml/multishop-kernel/config/globals.php (296)
in /var/www/moneymag.ml/multishop-console/config/dependencies.php (69)
in /var/www/moneymag.ml/multishop-console/config/main.php (21)
in /var/www/moneymag.ml/multishop-kernel/components/Yii.php (123)
in /var/www/moneymag.ml/multishop-kernel/components/Yii.php (111)
in /var/www/moneymag.ml/multishop-console/console (35)
2020/09/23 09:10:58 [trace] [application] *** start loading modules ***
in /var/www/moneymag.ml/multishop-kernel/components/Yii.php (455)
in /var/www/moneymag.ml/multishop-kernel/config/globals.php (333)
in /var/www/moneymag.ml/multishop-console/config/main.php (50)
in /var/www/moneymag.ml/multishop-kernel/components/Yii.php (123)
in /var/www/moneymag.ml/multishop-kernel/components/Yii.php (111)
in /var/www/moneymag.ml/multishop-console/console (35)
2020/09/23 09:11:06 [error] [application] error: #0 /var/www/moneymag.ml/vendor/yiisoft/yii/framework/db/CDbConnection.php(347): CDbConnection->open()
#1 /var/www/moneymag.ml/vendor/yiisoft/yii/framework/db/CDbConnection.php(325): CDbConnection->setActive(true)
#2 /var/www/moneymag.ml/vendor/yiisoft/yii/framework/base/CModule.php(394): CDbConnection->init()
#3 /var/www/moneymag.ml/vendor/yiisoft/yii/framework/base/CApplication.php(459): CModule->getComponent('db')
#4 /var/www/moneymag.ml/vendor/yiisoft/yii/framework/db/ar/CActiveRecord.php(639): CApplication->getDb()
#5 /var/www/moneymag.ml/vendor/yiisoft/yii/framework/db/ar/CActiveRecord.php(672): CActiveRecord->getDbConnection()
#6 /var/www/moneymag.ml/vendor/yiisoft/yii/framework/db/ar/CActiveRecord.php(1477): CActiveRecord->getCommandBuilder()
#7 /var/www/moneymag.ml/multishop-console/commands/InventoryCommand.php(45): CActiveRecord->findAll()
#8 [internal function]: InventoryCommand->actionScan()
#9 /var/www/moneymag.ml/vendor/yiisoft/yii/framework/console/CConsoleCommand.php(178): ReflectionMethod->invokeArgs(Object(InventoryCommand), Array)
#10 /var/www/moneymag.ml/vendor/yiisoft/yii/framework/console/CConsoleCommandRunner.php(71): CConsoleCommand->run(Array)
#11 /var/www/moneymag.ml/vendor/yiisoft/yii/framework/console/CConsoleApplication.php(92): CConsoleCommandRunner->run(Array)
#12 /var/www/moneymag.ml/vendor/yiisoft/yii/framework/base/CApplication.php(185): CConsoleApplication->processRequest()
#13 /var/www/moneymag.ml/multishop-console/console(42): CApplication->run()
#14 {main}
in /var/www/moneymag.ml/multishop-kernel/components/SCommand.php (38)
in /var/www/moneymag.ml/multishop-kernel/components/SCommand.php (23)
in /var/www/moneymag.ml/multishop-console/commands/InventoryCommand.php (67)
in /var/www/moneymag.ml/multishop-console/console (42)
2020/09/23 09:11:06 [trace] [application] params >> array (
  'HOST_DOMAIN' => 'moneymag.ml',
  'MERCHANT_DOMAIN' => 'moneymag.ml/multishop-merchant/www',
  'SHOP_DOMAIN' => 'moneymag.ml/multishop-shop/www',
  'API_DOMAIN' => 'moneymag.ml/multishop-api/web',
  'BACKUP_PATH' => '/home/adeola/backup',
  'ORG_NAME' => 'Multishop.org',
  'APP_VERSION' => 'Beta',
  'OAUTH_CLIENT_PORTAL' => 'ShopbayOauthApp',
  'CSRF_TOKEN_NAME' => 'APP_CSRF_TOKEN',
  'LOCALE_DEFAULT' => 'en_sg',
  'DATETIME_FORMAT' => 'd/M/yy h:mm a',
  'DATE_FORMAT' => 'd/M/yy',
  'BOWER_ASSET_DIR' => 'bower-asset',
)
in /var/www/moneymag.ml/multishop-kernel/components/Yii.php (455)
in /var/www/moneymag.ml/multishop-console/config/main.php (17)
in /var/www/moneymag.ml/multishop-kernel/components/Yii.php (123)
in /var/www/moneymag.ml/multishop-kernel/components/Yii.php (111)
in /var/www/moneymag.ml/multishop-console/console (35)
2020/09/23 09:11:06 [trace] [application] *** start loading dependencies ***
in /var/www/moneymag.ml/multishop-kernel/components/Yii.php (455)
in /var/www/moneymag.ml/multishop-kernel/config/globals.php (296)
in /var/www/moneymag.ml/multishop-console/config/dependencies.php (69)
in /var/www/moneymag.ml/multishop-console/config/main.php (21)
in /var/www/moneymag.ml/multishop-kernel/components/Yii.php (123)
in /var/www/moneymag.ml/multishop-kernel/components/Yii.php (111)
in /var/www/moneymag.ml/multishop-console/console (35)
2020/09/23 09:11:06 [trace] [application] *** start loading modules ***
in /var/www/moneymag.ml/multishop-kernel/components/Yii.php (455)
in /var/www/moneymag.ml/multishop-kernel/config/globals.php (333)
in /var/www/moneymag.ml/multishop-console/config/main.php (50)
in /var/www/moneymag.ml/multishop-kernel/components/Yii.php (123)
in /var/www/moneymag.ml/multishop-kernel/components/Yii.php (111)
in /var/www/moneymag.ml/multishop-console/console (35)
2020/09/23 09:11:06 [info] [application] InventoryCommand::actionScan start..
in /var/www/moneymag.ml/multishop-kernel/components/SCommand.php (38)
in /var/www/moneymag.ml/multishop-kernel/components/SCommand.php (28)
in /var/www/moneymag.ml/multishop-console/commands/InventoryCommand.php (39)
in /var/www/moneymag.ml/multishop-console/console (42)
2020/09/23 09:12:55 [trace] [application] params >> array (
  'HOST_DOMAIN' => 'moneymag.ml',
  'MERCHANT_DOMAIN' => 'moneymag.ml/multishop-merchant/www',
  'SHOP_DOMAIN' => 'moneymag.ml/multishop-shop/www',
  'API_DOMAIN' => 'moneymag.ml/multishop-api/web',
  'BACKUP_PATH' => '/home/adeola/backup',
  'ORG_NAME' => 'Multishop.org',
  'APP_VERSION' => 'Beta',
  'OAUTH_CLIENT_PORTAL' => 'ShopbayOauthApp',
  'CSRF_TOKEN_NAME' => 'APP_CSRF_TOKEN',
  'LOCALE_DEFAULT' => 'en_sg',
  'DATETIME_FORMAT' => 'd/M/yy h:mm a',
  'DATE_FORMAT' => 'd/M/yy',
  'BOWER_ASSET_DIR' => 'bower-asset',
)
in /var/www/moneymag.ml/multishop-kernel/components/Yii.php (455)
in /var/www/moneymag.ml/multishop-console/config/main.php (17)
in /var/www/moneymag.ml/multishop-kernel/components/Yii.php (123)
in /var/www/moneymag.ml/multishop-kernel/components/Yii.php (111)
in /var/www/moneymag.ml/multishop-console/console (35)
2020/09/23 09:12:55 [trace] [application] *** start loading dependencies ***
in /var/www/moneymag.ml/multishop-kernel/components/Yii.php (455)
in /var/www/moneymag.ml/multishop-kernel/config/globals.php (296)
in /var/www/moneymag.ml/multishop-console/config/dependencies.php (69)
in /var/www/moneymag.ml/multishop-console/config/main.php (21)
in /var/www/moneymag.ml/multishop-kernel/components/Yii.php (123)
in /var/www/moneymag.ml/multishop-kernel/components/Yii.php (111)
in /var/www/moneymag.ml/multishop-console/console (35)
2020/09/23 09:12:55 [trace] [application] *** start loading modules ***
in /var/www/moneymag.ml/multishop-kernel/components/Yii.php (455)
in /var/www/moneymag.ml/multishop-kernel/config/globals.php (333)
in /var/www/moneymag.ml/multishop-console/config/main.php (50)
in /var/www/moneymag.ml/multishop-kernel/components/Yii.php (123)
in /var/www/moneymag.ml/multishop-kernel/components/Yii.php (111)
in /var/www/moneymag.ml/multishop-console/console (35)
2020/09/23 09:12:55 [info] [application] InventoryCommand::actionScan start..
in /var/www/moneymag.ml/multishop-kernel/components/SCommand.php (38)
in /var/www/moneymag.ml/multishop-kernel/components/SCommand.php (28)
in /var/www/moneymag.ml/multishop-console/commands/InventoryCommand.php (39)
in /var/www/moneymag.ml/multishop-console/console (42)
2020/09/23 09:12:55 [info] [application] InventoryCommand::_print Completed
in /var/www/moneymag.ml/multishop-kernel/components/SCommand.php (38)
in /var/www/moneymag.ml/multishop-kernel/components/SCommand.php (28)
in /var/www/moneymag.ml/multishop-console/commands/InventoryCommand.php (134)
in /var/www/moneymag.ml/multishop-console/commands/InventoryCommand.php (62)
in /var/www/moneymag.ml/multishop-console/console (42)
2020/09/23 09:13:07 [trace] [application] params >> array (
  'HOST_DOMAIN' => 'moneymag.ml',
  'MERCHANT_DOMAIN' => 'moneymag.ml/multishop-merchant/www',
  'SHOP_DOMAIN' => 'moneymag.ml/multishop-shop/www',
  'API_DOMAIN' => 'moneymag.ml/multishop-api/web',
  'BACKUP_PATH' => '/home/adeola/backup',
  'ORG_NAME' => 'Multishop.org',
  'APP_VERSION' => 'Beta',
  'OAUTH_CLIENT_PORTAL' => 'ShopbayOauthApp',
  'CSRF_TOKEN_NAME' => 'APP_CSRF_TOKEN',
  'LOCALE_DEFAULT' => 'en_sg',
  'DATETIME_FORMAT' => 'd/M/yy h:mm a',
  'DATE_FORMAT' => 'd/M/yy',
  'BOWER_ASSET_DIR' => 'bower-asset',
)
in /var/www/moneymag.ml/multishop-kernel/components/Yii.php (455)
in /var/www/moneymag.ml/multishop-console/config/main.php (17)
in /var/www/moneymag.ml/multishop-kernel/components/Yii.php (123)
in /var/www/moneymag.ml/multishop-kernel/components/Yii.php (111)
in /var/www/moneymag.ml/multishop-console/console (35)
2020/09/23 09:13:07 [trace] [application] *** start loading dependencies ***
in /var/www/moneymag.ml/multishop-kernel/components/Yii.php (455)
in /var/www/moneymag.ml/multishop-kernel/config/globals.php (296)
in /var/www/moneymag.ml/multishop-console/config/dependencies.php (69)
in /var/www/moneymag.ml/multishop-console/config/main.php (21)
in /var/www/moneymag.ml/multishop-kernel/components/Yii.php (123)
in /var/www/moneymag.ml/multishop-kernel/components/Yii.php (111)
in /var/www/moneymag.ml/multishop-console/console (35)
2020/09/23 09:13:07 [trace] [application] *** start loading modules ***
in /var/www/moneymag.ml/multishop-kernel/components/Yii.php (455)
in /var/www/moneymag.ml/multishop-kernel/config/globals.php (333)
in /var/www/moneymag.ml/multishop-console/config/main.php (50)
in /var/www/moneymag.ml/multishop-kernel/components/Yii.php (123)
in /var/www/moneymag.ml/multishop-kernel/components/Yii.php (111)
in /var/www/moneymag.ml/multishop-console/console (35)
2020/09/23 09:13:12 [trace] [application] params >> array (
  'HOST_DOMAIN' => 'moneymag.ml',
  'MERCHANT_DOMAIN' => 'moneymag.ml/multishop-merchant/www',
  'SHOP_DOMAIN' => 'moneymag.ml/multishop-shop/www',
  'API_DOMAIN' => 'moneymag.ml/multishop-api/web',
  'BACKUP_PATH' => '/home/adeola/backup',
  'ORG_NAME' => 'Multishop.org',
  'APP_VERSION' => 'Beta',
  'OAUTH_CLIENT_PORTAL' => 'ShopbayOauthApp',
  'CSRF_TOKEN_NAME' => 'APP_CSRF_TOKEN',
  'LOCALE_DEFAULT' => 'en_sg',
  'DATETIME_FORMAT' => 'd/M/yy h:mm a',
  'DATE_FORMAT' => 'd/M/yy',
  'BOWER_ASSET_DIR' => 'bower-asset',
)
in /var/www/moneymag.ml/multishop-kernel/components/Yii.php (455)
in /var/www/moneymag.ml/multishop-console/config/main.php (17)
in /var/www/moneymag.ml/multishop-kernel/components/Yii.php (123)
in /var/www/moneymag.ml/multishop-kernel/components/Yii.php (111)
in /var/www/moneymag.ml/multishop-console/console (35)
2020/09/23 09:13:12 [trace] [application] *** start loading dependencies ***
in /var/www/moneymag.ml/multishop-kernel/components/Yii.php (455)
in /var/www/moneymag.ml/multishop-kernel/config/globals.php (296)
in /var/www/moneymag.ml/multishop-console/config/dependencies.php (69)
in /var/www/moneymag.ml/multishop-console/config/main.php (21)
in /var/www/moneymag.ml/multishop-kernel/components/Yii.php (123)
in /var/www/moneymag.ml/multishop-kernel/components/Yii.php (111)
in /var/www/moneymag.ml/multishop-console/console (35)
2020/09/23 09:13:12 [trace] [application] *** start loading modules ***
in /var/www/moneymag.ml/multishop-kernel/components/Yii.php (455)
in /var/www/moneymag.ml/multishop-kernel/config/globals.php (333)
in /var/www/moneymag.ml/multishop-console/config/main.php (50)
in /var/www/moneymag.ml/multishop-kernel/components/Yii.php (123)
in /var/www/moneymag.ml/multishop-kernel/components/Yii.php (111)
in /var/www/moneymag.ml/multishop-console/console (35)
2020/09/23 09:13:25 [trace] [application] params >> array (
  'HOST_DOMAIN' => 'moneymag.ml',
  'MERCHANT_DOMAIN' => 'moneymag.ml/multishop-merchant/www',
  'SHOP_DOMAIN' => 'moneymag.ml/multishop-shop/www',
  'API_DOMAIN' => 'moneymag.ml/multishop-api/web',
  'BACKUP_PATH' => '/home/adeola/backup',
  'ORG_NAME' => 'Multishop.org',
  'APP_VERSION' => 'Beta',
  'OAUTH_CLIENT_PORTAL' => 'ShopbayOauthApp',
  'CSRF_TOKEN_NAME' => 'APP_CSRF_TOKEN',
  'LOCALE_DEFAULT' => 'en_sg',
  'DATETIME_FORMAT' => 'd/M/yy h:mm a',
  'DATE_FORMAT' => 'd/M/yy',
  'BOWER_ASSET_DIR' => 'bower-asset',
)
in /var/www/moneymag.ml/multishop-kernel/components/Yii.php (455)
in /var/www/moneymag.ml/multishop-console/config/main.php (17)
in /var/www/moneymag.ml/multishop-kernel/components/Yii.php (123)
in /var/www/moneymag.ml/multishop-kernel/components/Yii.php (111)
in /var/www/moneymag.ml/multishop-console/console (35)
2020/09/23 09:13:25 [trace] [application] *** start loading dependencies ***
in /var/www/moneymag.ml/multishop-kernel/components/Yii.php (455)
in /var/www/moneymag.ml/multishop-kernel/config/globals.php (296)
in /var/www/moneymag.ml/multishop-console/config/dependencies.php (69)
in /var/www/moneymag.ml/multishop-console/config/main.php (21)
in /var/www/moneymag.ml/multishop-kernel/components/Yii.php (123)
in /var/www/moneymag.ml/multishop-kernel/components/Yii.php (111)
in /var/www/moneymag.ml/multishop-console/console (35)
2020/09/23 09:13:25 [trace] [application] *** start loading modules ***
in /var/www/moneymag.ml/multishop-kernel/components/Yii.php (455)
in /var/www/moneymag.ml/multishop-kernel/config/globals.php (333)
in /var/www/moneymag.ml/multishop-console/config/main.php (50)
in /var/www/moneymag.ml/multishop-kernel/components/Yii.php (123)
in /var/www/moneymag.ml/multishop-kernel/components/Yii.php (111)
in /var/www/moneymag.ml/multishop-console/console (35)
2020/09/23 09:13:39 [trace] [application] params >> array (
  'HOST_DOMAIN' => 'moneymag.ml',
  'MERCHANT_DOMAIN' => 'moneymag.ml/multishop-merchant/www',
  'SHOP_DOMAIN' => 'moneymag.ml/multishop-shop/www',
  'API_DOMAIN' => 'moneymag.ml/multishop-api/web',
  'BACKUP_PATH' => '/home/adeola/backup',
  'ORG_NAME' => 'Multishop.org',
  'APP_VERSION' => 'Beta',
  'OAUTH_CLIENT_PORTAL' => 'ShopbayOauthApp',
  'CSRF_TOKEN_NAME' => 'APP_CSRF_TOKEN',
  'LOCALE_DEFAULT' => 'en_sg',
  'DATETIME_FORMAT' => 'd/M/yy h:mm a',
  'DATE_FORMAT' => 'd/M/yy',
  'BOWER_ASSET_DIR' => 'bower-asset',
)
in /var/www/moneymag.ml/multishop-kernel/components/Yii.php (455)
in /var/www/moneymag.ml/multishop-console/config/main.php (17)
in /var/www/moneymag.ml/multishop-kernel/components/Yii.php (123)
in /var/www/moneymag.ml/multishop-kernel/components/Yii.php (111)
in /var/www/moneymag.ml/multishop-console/console (35)
2020/09/23 09:13:39 [trace] [application] *** start loading dependencies ***
in /var/www/moneymag.ml/multishop-kernel/components/Yii.php (455)
in /var/www/moneymag.ml/multishop-kernel/config/globals.php (296)
in /var/www/moneymag.ml/multishop-console/config/dependencies.php (69)
in /var/www/moneymag.ml/multishop-console/config/main.php (21)
in /var/www/moneymag.ml/multishop-kernel/components/Yii.php (123)
in /var/www/moneymag.ml/multishop-kernel/components/Yii.php (111)
in /var/www/moneymag.ml/multishop-console/console (35)
2020/09/23 09:13:39 [trace] [application] *** start loading modules ***
in /var/www/moneymag.ml/multishop-kernel/components/Yii.php (455)
in /var/www/moneymag.ml/multishop-kernel/config/globals.php (333)
in /var/www/moneymag.ml/multishop-console/config/main.php (50)
in /var/www/moneymag.ml/multishop-kernel/components/Yii.php (123)
in /var/www/moneymag.ml/multishop-kernel/components/Yii.php (111)
in /var/www/moneymag.ml/multishop-console/console (35)
2020/09/23 09:13:55 [warning] [application] no user object: CConsoleApplication and its behaviors do not have a method or closure named "getUser".
in /var/www/moneymag.ml/multishop-kernel/config/globals.php (64)
in /var/www/moneymag.ml/multishop-kernel/config/globals.php (70)
in /var/www/moneymag.ml/multishop-kernel/config/globals.php (251)
in /var/www/moneymag.ml/multishop-kernel/components/SModule.php (47)
in /var/www/moneymag.ml/multishop-kernel/components/Yii.php (204)
in /var/www/moneymag.ml/multishop-console/commands/ElasticSearchCommand.php (25)
in /var/www/moneymag.ml/multishop-console/console (42)
2020/09/23 09:13:55 [error] [php] Undefined index: elasticsearch (/var/www/moneymag.ml/multishop-kernel/config/globals.php:425)
Stack trace:
#0 /var/www/moneymag.ml/multishop-kernel/modules/search/components/ElasticSearch.php(26): bootstrapYii2Engine()
#1 /var/www/moneymag.ml/vendor/yiisoft/yii/framework/base/CModule.php(394): ElasticSearch->init()
#2 /var/www/moneymag.ml/multishop-kernel/modules/search/SearchModule.php(85): SearchModule->getComponent()
#3 /var/www/moneymag.ml/multishop-console/commands/ElasticSearchCommand.php(26): SearchModule->getElasticSearch()
#4 /var/www/moneymag.ml/vendor/yiisoft/yii/framework/console/CConsoleCommandRunner.php(70): ElasticSearchCommand->init()
#5 /var/www/moneymag.ml/vendor/yiisoft/yii/framework/console/CConsoleApplication.php(92): CConsoleCommandRunner->run()
#6 /var/www/moneymag.ml/vendor/yiisoft/yii/framework/base/CApplication.php(185): CConsoleApplication->processRequest()
#7 /var/www/moneymag.ml/multishop-console/console(42): CConsoleApplication->run()

in /var/www/moneymag.ml/multishop-kernel/config/globals.php (425)
in /var/www/moneymag.ml/multishop-kernel/yii2engine/config/web.php (48)
in /var/www/moneymag.ml/multishop-kernel/config/globals.php (395)
in /var/www/moneymag.ml/multishop-kernel/modules/search/components/ElasticSearch.php (26)
in /var/www/moneymag.ml/multishop-kernel/modules/search/SearchModule.php (85)
in /var/www/moneymag.ml/multishop-console/commands/ElasticSearchCommand.php (26)
in /var/www/moneymag.ml/multishop-console/console (42)
2020/09/23 09:13:55 [trace] [application] params >> array (
  'HOST_DOMAIN' => 'moneymag.ml',
  'MERCHANT_DOMAIN' => 'moneymag.ml/multishop-merchant/www',
  'SHOP_DOMAIN' => 'moneymag.ml/multishop-shop/www',
  'API_DOMAIN' => 'moneymag.ml/multishop-api/web',
  'BACKUP_PATH' => '/home/adeola/backup',
  'ORG_NAME' => 'Multishop.org',
  'APP_VERSION' => 'Beta',
  'OAUTH_CLIENT_PORTAL' => 'ShopbayOauthApp',
  'CSRF_TOKEN_NAME' => 'APP_CSRF_TOKEN',
  'LOCALE_DEFAULT' => 'en_sg',
  'DATETIME_FORMAT' => 'd/M/yy h:mm a',
  'DATE_FORMAT' => 'd/M/yy',
  'BOWER_ASSET_DIR' => 'bower-asset',
)
in /var/www/moneymag.ml/multishop-kernel/components/Yii.php (455)
in /var/www/moneymag.ml/multishop-console/config/main.php (17)
in /var/www/moneymag.ml/multishop-kernel/components/Yii.php (123)
in /var/www/moneymag.ml/multishop-kernel/components/Yii.php (111)
in /var/www/moneymag.ml/multishop-console/console (35)
2020/09/23 09:13:55 [trace] [application] *** start loading dependencies ***
in /var/www/moneymag.ml/multishop-kernel/components/Yii.php (455)
in /var/www/moneymag.ml/multishop-kernel/config/globals.php (296)
in /var/www/moneymag.ml/multishop-console/config/dependencies.php (69)
in /var/www/moneymag.ml/multishop-console/config/main.php (21)
in /var/www/moneymag.ml/multishop-kernel/components/Yii.php (123)
in /var/www/moneymag.ml/multishop-kernel/components/Yii.php (111)
in /var/www/moneymag.ml/multishop-console/console (35)
2020/09/23 09:13:55 [trace] [application] *** start loading modules ***
in /var/www/moneymag.ml/multishop-kernel/components/Yii.php (455)
in /var/www/moneymag.ml/multishop-kernel/config/globals.php (333)
in /var/www/moneymag.ml/multishop-console/config/main.php (50)
in /var/www/moneymag.ml/multishop-kernel/components/Yii.php (123)
in /var/www/moneymag.ml/multishop-kernel/components/Yii.php (111)
in /var/www/moneymag.ml/multishop-console/console (35)
2020/09/23 09:14:47 [error] [exception.Error] Error: Cannot instantiate abstract class NotificationBaseCommand in /var/www/moneymag.ml/vendor/yiisoft/yii/framework/console/CConsoleCommandRunner.php:170
Stack trace:
#0 /var/www/moneymag.ml/vendor/yiisoft/yii/framework/console/CConsoleCommandRunner.php(67): CConsoleCommandRunner->createCommand()
#1 /var/www/moneymag.ml/vendor/yiisoft/yii/framework/console/CConsoleApplication.php(92): CConsoleCommandRunner->run()
#2 /var/www/moneymag.ml/vendor/yiisoft/yii/framework/base/CApplication.php(185): CConsoleApplication->processRequest()
#3 /var/www/moneymag.ml/multishop-console/console(42): CApplication->run()
#4 {main}
---
2020/09/23 09:14:47 [trace] [application] params >> array (
  'HOST_DOMAIN' => 'moneymag.ml',
  'MERCHANT_DOMAIN' => 'moneymag.ml/multishop-merchant/www',
  'SHOP_DOMAIN' => 'moneymag.ml/multishop-shop/www',
  'API_DOMAIN' => 'moneymag.ml/multishop-api/web',
  'BACKUP_PATH' => '/home/adeola/backup',
  'ORG_NAME' => 'Multishop.org',
  'APP_VERSION' => 'Beta',
  'OAUTH_CLIENT_PORTAL' => 'ShopbayOauthApp',
  'CSRF_TOKEN_NAME' => 'APP_CSRF_TOKEN',
  'LOCALE_DEFAULT' => 'en_sg',
  'DATETIME_FORMAT' => 'd/M/yy h:mm a',
  'DATE_FORMAT' => 'd/M/yy',
  'BOWER_ASSET_DIR' => 'bower-asset',
)
in /var/www/moneymag.ml/multishop-kernel/components/Yii.php (455)
in /var/www/moneymag.ml/multishop-console/config/main.php (17)
in /var/www/moneymag.ml/multishop-kernel/components/Yii.php (123)
in /var/www/moneymag.ml/multishop-kernel/components/Yii.php (111)
in /var/www/moneymag.ml/multishop-console/console (35)
2020/09/23 09:14:47 [trace] [application] *** start loading dependencies ***
in /var/www/moneymag.ml/multishop-kernel/components/Yii.php (455)
in /var/www/moneymag.ml/multishop-kernel/config/globals.php (296)
in /var/www/moneymag.ml/multishop-console/config/dependencies.php (69)
in /var/www/moneymag.ml/multishop-console/config/main.php (21)
in /var/www/moneymag.ml/multishop-kernel/components/Yii.php (123)
in /var/www/moneymag.ml/multishop-kernel/components/Yii.php (111)
in /var/www/moneymag.ml/multishop-console/console (35)
2020/09/23 09:14:47 [trace] [application] *** start loading modules ***
in /var/www/moneymag.ml/multishop-kernel/components/Yii.php (455)
in /var/www/moneymag.ml/multishop-kernel/config/globals.php (333)
in /var/www/moneymag.ml/multishop-console/config/main.php (50)
in /var/www/moneymag.ml/multishop-kernel/components/Yii.php (123)
in /var/www/moneymag.ml/multishop-kernel/components/Yii.php (111)
in /var/www/moneymag.ml/multishop-console/console (35)
2020/09/23 09:15:00 [trace] [application] params >> array (
  'HOST_DOMAIN' => 'moneymag.ml',
  'MERCHANT_DOMAIN' => 'moneymag.ml/multishop-merchant/www',
  'SHOP_DOMAIN' => 'moneymag.ml/multishop-shop/www',
  'API_DOMAIN' => 'moneymag.ml/multishop-api/web',
  'BACKUP_PATH' => '/home/adeola/backup',
  'ORG_NAME' => 'Multishop.org',
  'APP_VERSION' => 'Beta',
  'OAUTH_CLIENT_PORTAL' => 'ShopbayOauthApp',
  'CSRF_TOKEN_NAME' => 'APP_CSRF_TOKEN',
  'LOCALE_DEFAULT' => 'en_sg',
  'DATETIME_FORMAT' => 'd/M/yy h:mm a',
  'DATE_FORMAT' => 'd/M/yy',
  'BOWER_ASSET_DIR' => 'bower-asset',
)
in /var/www/moneymag.ml/multishop-kernel/components/Yii.php (455)
in /var/www/moneymag.ml/multishop-console/config/main.php (17)
in /var/www/moneymag.ml/multishop-kernel/components/Yii.php (123)
in /var/www/moneymag.ml/multishop-kernel/components/Yii.php (111)
in /var/www/moneymag.ml/multishop-console/console (35)
2020/09/23 09:15:00 [trace] [application] *** start loading dependencies ***
in /var/www/moneymag.ml/multishop-kernel/components/Yii.php (455)
in /var/www/moneymag.ml/multishop-kernel/config/globals.php (296)
in /var/www/moneymag.ml/multishop-console/config/dependencies.php (69)
in /var/www/moneymag.ml/multishop-console/config/main.php (21)
in /var/www/moneymag.ml/multishop-kernel/components/Yii.php (123)
in /var/www/moneymag.ml/multishop-kernel/components/Yii.php (111)
in /var/www/moneymag.ml/multishop-console/console (35)
2020/09/23 09:15:00 [trace] [application] *** start loading modules ***
in /var/www/moneymag.ml/multishop-kernel/components/Yii.php (455)
in /var/www/moneymag.ml/multishop-kernel/config/globals.php (333)
in /var/www/moneymag.ml/multishop-console/config/main.php (50)
in /var/www/moneymag.ml/multishop-kernel/components/Yii.php (123)
in /var/www/moneymag.ml/multishop-kernel/components/Yii.php (111)
in /var/www/moneymag.ml/multishop-console/console (35)
2020/09/23 09:15:24 [trace] [application] params >> array (
  'HOST_DOMAIN' => 'moneymag.ml',
  'MERCHANT_DOMAIN' => 'moneymag.ml/multishop-merchant/www',
  'SHOP_DOMAIN' => 'moneymag.ml/multishop-shop/www',
  'API_DOMAIN' => 'moneymag.ml/multishop-api/web',
  'BACKUP_PATH' => '/home/adeola/backup',
  'ORG_NAME' => 'Multishop.org',
  'APP_VERSION' => 'Beta',
  'OAUTH_CLIENT_PORTAL' => 'ShopbayOauthApp',
  'CSRF_TOKEN_NAME' => 'APP_CSRF_TOKEN',
  'LOCALE_DEFAULT' => 'en_sg',
  'DATETIME_FORMAT' => 'd/M/yy h:mm a',
  'DATE_FORMAT' => 'd/M/yy',
  'BOWER_ASSET_DIR' => 'bower-asset',
)
in /var/www/moneymag.ml/multishop-kernel/components/Yii.php (455)
in /var/www/moneymag.ml/multishop-console/config/main.php (17)
in /var/www/moneymag.ml/multishop-kernel/components/Yii.php (123)
in /var/www/moneymag.ml/multishop-kernel/components/Yii.php (111)
in /var/www/moneymag.ml/multishop-console/console (35)
2020/09/23 09:15:24 [trace] [application] *** start loading dependencies ***
in /var/www/moneymag.ml/multishop-kernel/components/Yii.php (455)
in /var/www/moneymag.ml/multishop-kernel/config/globals.php (296)
in /var/www/moneymag.ml/multishop-console/config/dependencies.php (69)
in /var/www/moneymag.ml/multishop-console/config/main.php (21)
in /var/www/moneymag.ml/multishop-kernel/components/Yii.php (123)
in /var/www/moneymag.ml/multishop-kernel/components/Yii.php (111)
in /var/www/moneymag.ml/multishop-console/console (35)
2020/09/23 09:15:24 [trace] [application] *** start loading modules ***
in /var/www/moneymag.ml/multishop-kernel/components/Yii.php (455)
in /var/www/moneymag.ml/multishop-kernel/config/globals.php (333)
in /var/www/moneymag.ml/multishop-console/config/main.php (50)
in /var/www/moneymag.ml/multishop-kernel/components/Yii.php (123)
in /var/www/moneymag.ml/multishop-kernel/components/Yii.php (111)
in /var/www/moneymag.ml/multishop-console/console (35)
2020/09/23 09:15:44 [trace] [application] params >> array (
  'HOST_DOMAIN' => 'moneymag.ml',
  'MERCHANT_DOMAIN' => 'moneymag.ml/multishop-merchant/www',
  'SHOP_DOMAIN' => 'moneymag.ml/multishop-shop/www',
  'API_DOMAIN' => 'moneymag.ml/multishop-api/web',
  'BACKUP_PATH' => '/home/adeola/backup',
  'ORG_NAME' => 'Multishop.org',
  'APP_VERSION' => 'Beta',
  'OAUTH_CLIENT_PORTAL' => 'ShopbayOauthApp',
  'CSRF_TOKEN_NAME' => 'APP_CSRF_TOKEN',
  'LOCALE_DEFAULT' => 'en_sg',
  'DATETIME_FORMAT' => 'd/M/yy h:mm a',
  'DATE_FORMAT' => 'd/M/yy',
  'BOWER_ASSET_DIR' => 'bower-asset',
)
in /var/www/moneymag.ml/multishop-kernel/components/Yii.php (455)
in /var/www/moneymag.ml/multishop-console/config/main.php (17)
in /var/www/moneymag.ml/multishop-kernel/components/Yii.php (123)
in /var/www/moneymag.ml/multishop-kernel/components/Yii.php (111)
in /var/www/moneymag.ml/multishop-console/console (35)
2020/09/23 09:15:44 [trace] [application] *** start loading dependencies ***
in /var/www/moneymag.ml/multishop-kernel/components/Yii.php (455)
in /var/www/moneymag.ml/multishop-kernel/config/globals.php (296)
in /var/www/moneymag.ml/multishop-console/config/dependencies.php (69)
in /var/www/moneymag.ml/multishop-console/config/main.php (21)
in /var/www/moneymag.ml/multishop-kernel/components/Yii.php (123)
in /var/www/moneymag.ml/multishop-kernel/components/Yii.php (111)
in /var/www/moneymag.ml/multishop-console/console (35)
2020/09/23 09:15:44 [trace] [application] *** start loading modules ***
in /var/www/moneymag.ml/multishop-kernel/components/Yii.php (455)
in /var/www/moneymag.ml/multishop-kernel/config/globals.php (333)
in /var/www/moneymag.ml/multishop-console/config/main.php (50)
in /var/www/moneymag.ml/multishop-kernel/components/Yii.php (123)
in /var/www/moneymag.ml/multishop-kernel/components/Yii.php (111)
in /var/www/moneymag.ml/multishop-console/console (35)
2020/09/23 09:15:53 [trace] [application] params >> array (
  'HOST_DOMAIN' => 'moneymag.ml',
  'MERCHANT_DOMAIN' => 'moneymag.ml/multishop-merchant/www',
  'SHOP_DOMAIN' => 'moneymag.ml/multishop-shop/www',
  'API_DOMAIN' => 'moneymag.ml/multishop-api/web',
  'BACKUP_PATH' => '/home/adeola/backup',
  'ORG_NAME' => 'Multishop.org',
  'APP_VERSION' => 'Beta',
  'OAUTH_CLIENT_PORTAL' => 'ShopbayOauthApp',
  'CSRF_TOKEN_NAME' => 'APP_CSRF_TOKEN',
  'LOCALE_DEFAULT' => 'en_sg',
  'DATETIME_FORMAT' => 'd/M/yy h:mm a',
  'DATE_FORMAT' => 'd/M/yy',
  'BOWER_ASSET_DIR' => 'bower-asset',
)
in /var/www/moneymag.ml/multishop-kernel/components/Yii.php (455)
in /var/www/moneymag.ml/multishop-console/config/main.php (17)
in /var/www/moneymag.ml/multishop-kernel/components/Yii.php (123)
in /var/www/moneymag.ml/multishop-kernel/components/Yii.php (111)
in /var/www/moneymag.ml/multishop-console/console (35)
2020/09/23 09:15:53 [trace] [application] *** start loading dependencies ***
in /var/www/moneymag.ml/multishop-kernel/components/Yii.php (455)
in /var/www/moneymag.ml/multishop-kernel/config/globals.php (296)
in /var/www/moneymag.ml/multishop-console/config/dependencies.php (69)
in /var/www/moneymag.ml/multishop-console/config/main.php (21)
in /var/www/moneymag.ml/multishop-kernel/components/Yii.php (123)
in /var/www/moneymag.ml/multishop-kernel/components/Yii.php (111)
in /var/www/moneymag.ml/multishop-console/console (35)
2020/09/23 09:15:53 [trace] [application] *** start loading modules ***
in /var/www/moneymag.ml/multishop-kernel/components/Yii.php (455)
in /var/www/moneymag.ml/multishop-kernel/config/globals.php (333)
in /var/www/moneymag.ml/multishop-console/config/main.php (50)
in /var/www/moneymag.ml/multishop-kernel/components/Yii.php (123)
in /var/www/moneymag.ml/multishop-kernel/components/Yii.php (111)
in /var/www/moneymag.ml/multishop-console/console (35)
2020/09/23 09:16:05 [trace] [application] params >> array (
  'HOST_DOMAIN' => 'moneymag.ml',
  'MERCHANT_DOMAIN' => 'moneymag.ml/multishop-merchant/www',
  'SHOP_DOMAIN' => 'moneymag.ml/multishop-shop/www',
  'API_DOMAIN' => 'moneymag.ml/multishop-api/web',
  'BACKUP_PATH' => '/home/adeola/backup',
  'ORG_NAME' => 'Multishop.org',
  'APP_VERSION' => 'Beta',
  'OAUTH_CLIENT_PORTAL' => 'ShopbayOauthApp',
  'CSRF_TOKEN_NAME' => 'APP_CSRF_TOKEN',
  'LOCALE_DEFAULT' => 'en_sg',
  'DATETIME_FORMAT' => 'd/M/yy h:mm a',
  'DATE_FORMAT' => 'd/M/yy',
  'BOWER_ASSET_DIR' => 'bower-asset',
)
in /var/www/moneymag.ml/multishop-kernel/components/Yii.php (455)
in /var/www/moneymag.ml/multishop-console/config/main.php (17)
in /var/www/moneymag.ml/multishop-kernel/components/Yii.php (123)
in /var/www/moneymag.ml/multishop-kernel/components/Yii.php (111)
in /var/www/moneymag.ml/multishop-console/console (35)
2020/09/23 09:16:05 [trace] [application] *** start loading dependencies ***
in /var/www/moneymag.ml/multishop-kernel/components/Yii.php (455)
in /var/www/moneymag.ml/multishop-kernel/config/globals.php (296)
in /var/www/moneymag.ml/multishop-console/config/dependencies.php (69)
in /var/www/moneymag.ml/multishop-console/config/main.php (21)
in /var/www/moneymag.ml/multishop-kernel/components/Yii.php (123)
in /var/www/moneymag.ml/multishop-kernel/components/Yii.php (111)
in /var/www/moneymag.ml/multishop-console/console (35)
2020/09/23 09:16:05 [trace] [application] *** start loading modules ***
in /var/www/moneymag.ml/multishop-kernel/components/Yii.php (455)
in /var/www/moneymag.ml/multishop-kernel/config/globals.php (333)
in /var/www/moneymag.ml/multishop-console/config/main.php (50)
in /var/www/moneymag.ml/multishop-kernel/components/Yii.php (123)
in /var/www/moneymag.ml/multishop-kernel/components/Yii.php (111)
in /var/www/moneymag.ml/multishop-console/console (35)
2020/09/23 09:16:05 [info] [application] Start scanning..
in /var/www/moneymag.ml/multishop-kernel/components/SCommand.php (38)
in /var/www/moneymag.ml/multishop-console/components/CommandLogFileTrait.php (30)
in /var/www/moneymag.ml/multishop-console/commands/SubscriptionCommand.php (39)
in /var/www/moneymag.ml/multishop-console/console (42)
2020/09/23 09:16:05 [info] [application] Completed
in /var/www/moneymag.ml/multishop-kernel/components/SCommand.php (38)
in /var/www/moneymag.ml/multishop-console/components/CommandLogFileTrait.php (30)
in /var/www/moneymag.ml/multishop-console/commands/SubscriptionCommand.php (62)
in /var/www/moneymag.ml/multishop-console/console (42)
2020/09/23 09:16:16 [trace] [application] params >> array (
  'HOST_DOMAIN' => 'moneymag.ml',
  'MERCHANT_DOMAIN' => 'moneymag.ml/multishop-merchant/www',
  'SHOP_DOMAIN' => 'moneymag.ml/multishop-shop/www',
  'API_DOMAIN' => 'moneymag.ml/multishop-api/web',
  'BACKUP_PATH' => '/home/adeola/backup',
  'ORG_NAME' => 'Multishop.org',
  'APP_VERSION' => 'Beta',
  'OAUTH_CLIENT_PORTAL' => 'ShopbayOauthApp',
  'CSRF_TOKEN_NAME' => 'APP_CSRF_TOKEN',
  'LOCALE_DEFAULT' => 'en_sg',
  'DATETIME_FORMAT' => 'd/M/yy h:mm a',
  'DATE_FORMAT' => 'd/M/yy',
  'BOWER_ASSET_DIR' => 'bower-asset',
)
in /var/www/moneymag.ml/multishop-kernel/components/Yii.php (455)
in /var/www/moneymag.ml/multishop-console/config/main.php (17)
in /var/www/moneymag.ml/multishop-kernel/components/Yii.php (123)
in /var/www/moneymag.ml/multishop-kernel/components/Yii.php (111)
in /var/www/moneymag.ml/multishop-console/console (35)
2020/09/23 09:16:16 [trace] [application] *** start loading dependencies ***
in /var/www/moneymag.ml/multishop-kernel/components/Yii.php (455)
in /var/www/moneymag.ml/multishop-kernel/config/globals.php (296)
in /var/www/moneymag.ml/multishop-console/config/dependencies.php (69)
in /var/www/moneymag.ml/multishop-console/config/main.php (21)
in /var/www/moneymag.ml/multishop-kernel/components/Yii.php (123)
in /var/www/moneymag.ml/multishop-kernel/components/Yii.php (111)
in /var/www/moneymag.ml/multishop-console/console (35)
2020/09/23 09:16:16 [trace] [application] *** start loading modules ***
in /var/www/moneymag.ml/multishop-kernel/components/Yii.php (455)
in /var/www/moneymag.ml/multishop-kernel/config/globals.php (333)
in /var/www/moneymag.ml/multishop-console/config/main.php (50)
in /var/www/moneymag.ml/multishop-kernel/components/Yii.php (123)
in /var/www/moneymag.ml/multishop-kernel/components/Yii.php (111)
in /var/www/moneymag.ml/multishop-console/console (35)
2020/09/23 09:16:16 [info] [application] Start scanning..
in /var/www/moneymag.ml/multishop-kernel/components/SCommand.php (38)
in /var/www/moneymag.ml/multishop-console/components/CommandLogFileTrait.php (30)
in /var/www/moneymag.ml/multishop-console/commands/SubscriptionCommand.php (78)
in /var/www/moneymag.ml/multishop-console/console (42)
2020/09/23 09:16:16 [info] [application] Completed
in /var/www/moneymag.ml/multishop-kernel/components/SCommand.php (38)
in /var/www/moneymag.ml/multishop-console/components/CommandLogFileTrait.php (30)
in /var/www/moneymag.ml/multishop-console/commands/SubscriptionCommand.php (92)
in /var/www/moneymag.ml/multishop-console/console (42)
