2020/09/29 15:33:16 [error] [exception.CHttpException.401] CHttpException: Access token not found. in /var/www/moneymag.ml/multishop-kernel/components/actions/api/ApiActionTrait.php:296
Stack trace:
#0 /var/www/moneymag.ml/multishop-kernel/components/actions/api/ApiActionTrait.php(93): ApiReadAction->getAccessToken()
#1 /var/www/moneymag.ml/multishop-kernel/components/actions/api/ApiIndexAction.php(26): ApiReadAction->getAuthBearerHeader()
#2 /var/www/moneymag.ml/multishop-kernel/components/actions/api/ApiActionTrait.php(46): ApiIndexAction->callApi()
#3 /var/www/moneymag.ml/vendor/yiisoft/yii/framework/web/actions/CAction.php(76): ApiReadAction->run()
#4 /var/www/moneymag.ml/vendor/yiisoft/yii/framework/web/CController.php(308): CAction->runWithParams()
#5 /var/www/moneymag.ml/multishop-merchant/modules/plans/controllers/SubscriptionControllerTrait.php(32): CController->runAction()
#6 /var/www/moneymag.ml/multishop-merchant/modules/plans/controllers/SubscriptionController.php(308): SubscriptionController->getPublishedPackages()
#7 /var/www/moneymag.ml/vendor/yiisoft/yii/framework/base/CComponent.php(111): SubscriptionController->getDataProvider()
#8 /var/www/moneymag.ml/multishop-merchant/modules/plans/controllers/SubscriptionController.php(101): CComponent->__get()
#9 /var/www/moneymag.ml/vendor/yiisoft/yii/framework/web/actions/CInlineAction.php(49): SubscriptionController->actionCheckout()
#10 /var/www/moneymag.ml/vendor/yiisoft/yii/framework/web/CController.php(308): CInlineAction->runWithParams()
#11 /var/www/moneymag.ml/vendor/yiisoft/yii/framework/web/filters/CFilterChain.php(134): CController->runAction()
#12 /var/www/moneymag.ml/vendor/yiisoft/yii/framework/web/filters/CFilter.php(40): CFilterChain->run()
#13 /var/www/moneymag.ml/multishop-kernel/modules/rights/components/RController.php(36): CFilter->filter()
#14 /var/www/moneymag.ml/vendor/yiisoft/yii/framework/web/filters/CInlineFilter.php(58): RController->filterRights()
#15 /var/www/moneymag.ml/vendor/yiisoft/yii/framework/web/filters/CFilterChain.php(131): CInlineFilter->filter()
#16 /var/www/moneymag.ml/vendor/yiisoft/yii/framework/web/filters/CFilter.php(40): CFilterChain->run()
#17 /var/www/moneymag.ml/multishop-kernel/components/filters/ControllerFilterTrait.php(31): CFilter->filter()
#18 /var/www/moneymag.ml/vendor/yiisoft/yii/framework/web/filters/CInlineFilter.php(58): SController->filterFlash()
#19 /var/www/moneymag.ml/vendor/yiisoft/yii/framework/web/filters/CFilterChain.php(131): CInlineFilter->filter()
#20 /var/www/moneymag.ml/vendor/yiisoft/yii/framework/web/filters/CFilter.php(40): CFilterChain->run()
#21 /var/www/moneymag.ml/vendor/yiisoft/yii/framework/web/filters/CFilterChain.php(131): CFilter->filter()
#22 /var/www/moneymag.ml/vendor/yiisoft/yii/framework/web/CController.php(291): CFilterChain->run()
#23 /var/www/moneymag.ml/vendor/yiisoft/yii/framework/web/CController.php(265): CController->runActionWithFilters()
#24 /var/www/moneymag.ml/vendor/yiisoft/yii/framework/web/CWebApplication.php(282): CController->run()
#25 /var/www/moneymag.ml/vendor/yiisoft/yii/framework/web/CWebApplication.php(141): CWebApplication->runController()
#26 /var/www/moneymag.ml/vendor/yiisoft/yii/framework/base/CApplication.php(185): CWebApplication->processRequest()
#27 /var/www/moneymag.ml/multishop-merchant/www/index.php(7): CApplication->run()
#28 {main}
REQUEST_URI=/plans/subscription/checkout
HTTP_REFERER=https://merchant.moneymag.ml/shops
---
2020/09/29 15:33:16 [info] [application] *** start web request *** >> array (
  'REDIRECT_HTTPS' => 'on',
  'REDIRECT_SSL_TLS_SNI' => 'merchant.moneymag.ml',
  'REDIRECT_STATUS' => '200',
  'HTTPS' => 'on',
  'SSL_TLS_SNI' => 'merchant.moneymag.ml',
  'HTTP_HOST' => 'merchant.moneymag.ml',
  'HTTP_CONNECTION' => 'keep-alive',
  'HTTP_CACHE_CONTROL' => 'max-age=0',
  'HTTP_SEC_CH_UA' => '"\\\\Not;A\\"Brand";v="99", "Google Chrome";v="85", "Chromium";v="85"',
  'HTTP_SEC_CH_UA_MOBILE' => '?0',
  'HTTP_DNT' => '1',
  'HTTP_UPGRADE_INSECURE_REQUESTS' => '1',
  'HTTP_USER_AGENT' => 'Mozilla/5.0 (Windows NT 10.0; Win64; x64) AppleWebKit/537.36 (KHTML, like Gecko) Chrome/85.0.4183.121 Safari/537.36',
  'HTTP_ACCEPT' => 'text/html,application/xhtml+xml,application/xml;q=0.9,image/avif,image/webp,image/apng,*/*;q=0.8,application/signed-exchange;v=b3;q=0.9',
  'HTTP_SEC_FETCH_SITE' => 'same-origin',
  'HTTP_SEC_FETCH_MODE' => 'navigate',
  'HTTP_SEC_FETCH_USER' => '?1',
  'HTTP_SEC_FETCH_DEST' => 'document',
  'HTTP_REFERER' => 'https://merchant.moneymag.ml/shops',
  'HTTP_ACCEPT_ENCODING' => 'gzip, deflate, br',
  'HTTP_ACCEPT_LANGUAGE' => 'en-US,en;q=0.9',
  'HTTP_COOKIE' => 'APP_CSRF_TOKEN=431f3863652849be929f316d301c7577986c22acs%3A88%3A%22QXMwTUhJWHRDd25fTGFQRXM2aE8yYzZPRDBrWG44dTQ8VfbsyWGvib5wV7GGxwVTieSomKEbTVYdbdW3AveNTA%3D%3D%22%3B; 3ef4445f94b8a36431ad71b18eb485aa=4bc8ef124d9fc07c34847f918e68d76acf82858bs%3A112%3A%227b30c28929d16d022a19bc88c0e6a811b918bf73a%3A4%3A%7Bi%3A0%3Bs%3A2%3A%2219%22%3Bi%3A1%3Bs%3A19%3A%22moneyymag%40gmail.com%22%3Bi%3A2%3Bi%3A86400%3Bi%3A3%3Ba%3A0%3A%7B%7D%7D%22%3B; PHPSESSID=lhgf7drmlfdafmghlgqdquclt1',
  'PATH' => '/usr/local/sbin:/usr/local/bin:/usr/sbin:/usr/bin:/sbin:/bin:/snap/bin',
  'SERVER_SIGNATURE' => '<address>Apache/2.4.41 (Ubuntu) Server at merchant.moneymag.ml Port 443</address>
',
  'SERVER_SOFTWARE' => 'Apache/2.4.41 (Ubuntu)',
  'SERVER_NAME' => 'merchant.moneymag.ml',
  'SERVER_ADDR' => '104.248.49.238',
  'SERVER_PORT' => '443',
  'REMOTE_ADDR' => '197.210.47.120',
  'DOCUMENT_ROOT' => '/var/www/moneymag.ml/multishop-merchant/www',
  'REQUEST_SCHEME' => 'https',
  'CONTEXT_PREFIX' => '',
  'CONTEXT_DOCUMENT_ROOT' => '/var/www/moneymag.ml/multishop-merchant/www',
  'SERVER_ADMIN' => 'webmaster@localhost',
  'SCRIPT_FILENAME' => '/var/www/moneymag.ml/multishop-merchant/www/index.php',
  'REMOTE_PORT' => '5507',
  'REDIRECT_URL' => '/plans/subscription/checkout',
  'GATEWAY_INTERFACE' => 'CGI/1.1',
  'SERVER_PROTOCOL' => 'HTTP/1.1',
  'REQUEST_METHOD' => 'GET',
  'QUERY_STRING' => '',
  'REQUEST_URI' => '/plans/subscription/checkout',
  'SCRIPT_NAME' => '/index.php',
  'PHP_SELF' => '/index.php',
  'REQUEST_TIME_FLOAT' => 1601364796.498215,
  'REQUEST_TIME' => 1601364796,
)
in /var/www/moneymag.ml/multishop-kernel/config/globals.php (203)
in /var/www/moneymag.ml/multishop-merchant/config/main.php (2)
in /var/www/moneymag.ml/multishop-kernel/components/Yii.php (123)
in /var/www/moneymag.ml/multishop-kernel/components/Yii.php (96)
in /var/www/moneymag.ml/multishop-merchant/www/index.php (7)
2020/09/29 15:33:16 [trace] [application] SWebApp::__construct start webapp "multishop-merchant" params >> array (
  'ORG_NAME' => 'Multishop.org',
  'SITE_NAME' => 'Multishop Merchant',
  'SITE_LOGO' => false,
  'HOST_DOMAIN' => 'merchant.moneymag.ml',
  'API_DOMAIN' => 'api.moneymag.ml',
  'BOT_DOMAIN' => 'chatbot.moneymag.ml',
  'SHOP_DOMAIN' => 'shop.moneymag.ml',
  'SHOP_THEME_BASEPATH' => '/var/www/moneymag.ml/multishop-shop-assets/themes',
  'SHOP_WIDGET_BASEPATH' => '/var/www/moneymag.ml/multishop-shop-assets/widgets',
  'OAUTH' => true,
  'RECEIPT_TEMPLATE_EMAIL' => 'common.modules.billings.receipts.template_email',
  'RECEIPT_TEMPLATE_EMAIL_ADHOC' => 'common.modules.billings.receipts.template_email_adhoc',
  'RECEIPT_TEMPLATE_PDF' => 'common.modules.billings.receipts.receipt.template_pdf',
  'RECEIPT_TEMPLATE_PDF_ADHOC' => 'common.modules.billings.receipts.receipt.template_pdf_adhoc',
  'WIZARD_APP_ID' => 'merchant',
  'GTM_ACCOUNT' => '<Please input the google analytics account id (GTM)>',
  'GOOGLE_ANALYTICS' => false,
  'DRIFT_ID' => '<Please input Drift widget id>',
  'DRIFT_ENABLE' => 
  array (
    0 => '<Please input app id>',
    1 => '<Please input app id 2>',
    2 => '<and so on>',
  ),
  'DRIFT_AFTER_LOGIN' => 
  array (
    0 => '<Please input app id>',
    1 => '<Please input app id 2>',
    2 => '<and so on>',
  ),
  'FACEBOOK_PAGEAPP_ID' => '<Please input the facebook page app id for merchant shop appeared in facebook page tab>',
  'FACEBOOK_PAGEAPP_SECRET' => '<Please input the facebook page app secret for merchant shop appeared in facebook page tab>',
  'APP_VERSION' => 'Beta',
  'OAUTH_CLIENT_PORTAL' => 'ShopbayOauthApp',
  'CSRF_TOKEN_NAME' => 'APP_CSRF_TOKEN',
  'LOCALE_DEFAULT' => 'en_sg',
  'DATETIME_FORMAT' => 'd/M/yy h:mm a',
  'DATE_FORMAT' => 'd/M/yy',
  'BOWER_ASSET_DIR' => 'bower-asset',
)
in /var/www/moneymag.ml/multishop-kernel/components/Yii.php (455)
in /var/www/moneymag.ml/multishop-kernel/components/SWebApp.php (44)
in /var/www/moneymag.ml/multishop-merchant/config/main.php (5)
in /var/www/moneymag.ml/multishop-kernel/components/Yii.php (123)
in /var/www/moneymag.ml/multishop-kernel/components/Yii.php (96)
in /var/www/moneymag.ml/multishop-merchant/www/index.php (7)
2020/09/29 15:33:16 [trace] [application] *** start loading dependencies ***
in /var/www/moneymag.ml/multishop-kernel/components/Yii.php (455)
in /var/www/moneymag.ml/multishop-kernel/config/globals.php (296)
in /var/www/moneymag.ml/multishop-merchant/config/dependencies.php (254)
in /var/www/moneymag.ml/multishop-kernel/components/SWebApp.php (46)
in /var/www/moneymag.ml/multishop-merchant/config/main.php (5)
in /var/www/moneymag.ml/multishop-kernel/components/Yii.php (123)
in /var/www/moneymag.ml/multishop-kernel/components/Yii.php (96)
in /var/www/moneymag.ml/multishop-merchant/www/index.php (7)
2020/09/29 15:33:16 [trace] [application] *** start loading modules ***
in /var/www/moneymag.ml/multishop-kernel/components/Yii.php (455)
in /var/www/moneymag.ml/multishop-kernel/config/globals.php (333)
in /var/www/moneymag.ml/multishop-kernel/components/SWebApp.php (215)
in /var/www/moneymag.ml/multishop-merchant/config/main.php (144)
in /var/www/moneymag.ml/multishop-kernel/components/Yii.php (123)
in /var/www/moneymag.ml/multishop-kernel/components/Yii.php (96)
in /var/www/moneymag.ml/multishop-merchant/www/index.php (7)
2020/09/29 15:33:16 [trace] [multishop-merchant] [userid=19] SModule::preinit *** start module plans ***
in /var/www/moneymag.ml/multishop-kernel/components/Yii.php (455)
in /var/www/moneymag.ml/multishop-kernel/config/globals.php (251)
in /var/www/moneymag.ml/multishop-kernel/components/SModule.php (47)
in /var/www/moneymag.ml/multishop-kernel/components/Yii.php (204)
in /var/www/moneymag.ml/multishop-merchant/www/index.php (7)
2020/09/29 15:33:16 [trace] [multishop-merchant] [userid=19] SMessageSource::setModule set to plans ok
in /var/www/moneymag.ml/multishop-kernel/components/Yii.php (455)
in /var/www/moneymag.ml/multishop-kernel/config/globals.php (251)
in /var/www/moneymag.ml/multishop-kernel/components/SMessageSource.php (46)
in /var/www/moneymag.ml/multishop-kernel/controllers/SController.php (86)
in /var/www/moneymag.ml/multishop-kernel/controllers/AuthenticatedController.php (32)
in /var/www/moneymag.ml/multishop-merchant/modules/plans/controllers/SubscriptionController.php (26)
in /var/www/moneymag.ml/multishop-merchant/www/index.php (7)
2020/09/29 15:33:16 [trace] [multishop-merchant] [userid=19] AuthenticatedController::filters >> array (
  0 => 
  array (
    0 => 'common.components.filters.PageTitleSuffixFilter',
    'useShopName' => true,
  ),
  1 => 'flash',
  2 => 'subscription',
  3 => 'rights - index,getplans',
)
in /var/www/moneymag.ml/multishop-kernel/components/Yii.php (455)
in /var/www/moneymag.ml/multishop-kernel/config/globals.php (251)
in /var/www/moneymag.ml/multishop-kernel/controllers/AuthenticatedController.php (70)
in /var/www/moneymag.ml/multishop-merchant/modules/plans/controllers/SubscriptionController.php (48)
in /var/www/moneymag.ml/multishop-merchant/www/index.php (7)
2020/09/29 15:33:16 [trace] [multishop-merchant] [userid=19] SubscriptionController::filters  >> array (
  0 => 
  array (
    0 => 'common.components.filters.PageTitleSuffixFilter',
    'useShopName' => true,
  ),
  1 => 'flash',
  3 => 'rights - index,getplans',
)
in /var/www/moneymag.ml/multishop-kernel/components/Yii.php (455)
in /var/www/moneymag.ml/multishop-kernel/config/globals.php (251)
in /var/www/moneymag.ml/multishop-merchant/modules/plans/controllers/SubscriptionController.php (54)
in /var/www/moneymag.ml/multishop-merchant/www/index.php (7)
2020/09/29 15:33:16 [info] [multishop-merchant] [user=19] ApiActionTrait::getApiEndpoint POST >> 'https://api.moneymag.ml/oauth2/token'
in /var/www/moneymag.ml/multishop-kernel/config/globals.php (240)
in /var/www/moneymag.ml/multishop-kernel/components/actions/api/ApiActionTrait.php (74)
in /var/www/moneymag.ml/multishop-kernel/components/actions/api/ApiActionTrait.php (148)
in /var/www/moneymag.ml/multishop-kernel/components/actions/api/ApiActionTrait.php (166)
in /var/www/moneymag.ml/multishop-kernel/components/actions/api/ApiTokenAction.php (47)
in /var/www/moneymag.ml/multishop-kernel/components/actions/api/ApiActionTrait.php (46)
in /var/www/moneymag.ml/multishop-kernel/components/actions/api/ApiActionTrait.php (282)
in /var/www/moneymag.ml/multishop-kernel/components/actions/api/ApiIndexAction.php (25)
2020/09/29 15:33:16 [trace] [multishop-merchant] [userid=19] ApiActionTrait::parsePostFields postFields  >> 'grant_type=client_credentials'
in /var/www/moneymag.ml/multishop-kernel/components/Yii.php (455)
in /var/www/moneymag.ml/multishop-kernel/config/globals.php (251)
in /var/www/moneymag.ml/multishop-kernel/components/actions/api/ApiActionTrait.php (269)
in /var/www/moneymag.ml/multishop-kernel/components/actions/api/ApiActionTrait.php (158)
in /var/www/moneymag.ml/multishop-kernel/components/actions/api/ApiActionTrait.php (166)
in /var/www/moneymag.ml/multishop-kernel/components/actions/api/ApiTokenAction.php (47)
in /var/www/moneymag.ml/multishop-kernel/components/actions/api/ApiActionTrait.php (46)
in /var/www/moneymag.ml/multishop-kernel/components/actions/api/ApiActionTrait.php (282)
2020/09/29 15:33:16 [trace] [multishop-merchant] [userid=19] ApiActionTrait::execCurl response HTTP code 200 >> '{"access_token":"1941b5d7735fad17ded2cc3fb42d1253e0d4a632","expires_in":28800,"token_type":"Bearer","scope":null}null'
in /var/www/moneymag.ml/multishop-kernel/components/Yii.php (455)
in /var/www/moneymag.ml/multishop-kernel/config/globals.php (251)
in /var/www/moneymag.ml/multishop-kernel/components/actions/api/ApiActionTrait.php (169)
in /var/www/moneymag.ml/multishop-kernel/components/actions/api/ApiTokenAction.php (47)
in /var/www/moneymag.ml/multishop-kernel/components/actions/api/ApiActionTrait.php (46)
in /var/www/moneymag.ml/multishop-kernel/components/actions/api/ApiActionTrait.php (282)
in /var/www/moneymag.ml/multishop-kernel/components/actions/api/ApiIndexAction.php (25)
in /var/www/moneymag.ml/multishop-kernel/components/actions/api/ApiActionTrait.php (46)
2020/09/29 15:33:16 [trace] [multishop-merchant] [userid=19] SMessageSource::loadMessages loading sii for plans ...
in /var/www/moneymag.ml/multishop-kernel/components/Yii.php (455)
in /var/www/moneymag.ml/multishop-kernel/config/globals.php (251)
in /var/www/moneymag.ml/multishop-kernel/components/SMessageSource.php (28)
in /var/www/moneymag.ml/multishop-kernel/components/Yii.php (587)
in /var/www/moneymag.ml/multishop-kernel/components/Sii.php (85)
in /var/www/moneymag.ml/multishop-kernel/components/Sii.php (49)
in /var/www/moneymag.ml/multishop-kernel/components/actions/api/ApiActionTrait.php (296)
in /var/www/moneymag.ml/multishop-kernel/components/actions/api/ApiActionTrait.php (93)
2020/09/29 15:33:16 [trace] [multishop-merchant] [userid=19] SMessageSource::loadMessages loading sii for plans ...
in /var/www/moneymag.ml/multishop-kernel/components/Yii.php (455)
in /var/www/moneymag.ml/multishop-kernel/config/globals.php (251)
in /var/www/moneymag.ml/multishop-kernel/components/SMessageSource.php (28)
in /var/www/moneymag.ml/multishop-kernel/components/Yii.php (587)
in /var/www/moneymag.ml/multishop-kernel/components/Sii.php (85)
in /var/www/moneymag.ml/multishop-kernel/components/Sii.php (49)
in /var/www/moneymag.ml/multishop-kernel/controllers/SErrorController.php (99)
in /var/www/moneymag.ml/multishop-kernel/controllers/SSiteController.php (90)
2020/09/29 15:35:34 [error] [exception.CHttpException.404] CHttpException: Unable to resolve the request "multishop-admin/www/files/images/default-account.jpg". in /var/www/moneymag.ml/vendor/yiisoft/yii/framework/web/CWebApplication.php:286
Stack trace:
#0 /var/www/moneymag.ml/vendor/yiisoft/yii/framework/web/CWebApplication.php(141): CWebApplication->runController()
#1 /var/www/moneymag.ml/vendor/yiisoft/yii/framework/base/CApplication.php(185): CWebApplication->processRequest()
#2 /var/www/moneymag.ml/multishop-merchant/www/index.php(7): CApplication->run()
#3 {main}
REQUEST_URI=/multishop-admin/www/files/images/default-account.jpg
HTTP_REFERER=https://admin.moneymag.ml/welcome
---
2020/09/29 15:35:34 [info] [application] *** start web request *** >> array (
  'REDIRECT_HTTPS' => 'on',
  'REDIRECT_SSL_TLS_SNI' => 'moneymag.ml',
  'REDIRECT_STATUS' => '200',
  'HTTPS' => 'on',
  'SSL_TLS_SNI' => 'moneymag.ml',
  'HTTP_HOST' => 'moneymag.ml',
  'HTTP_CONNECTION' => 'keep-alive',
  'HTTP_SEC_CH_UA' => '"\\\\Not;A\\"Brand";v="99", "Google Chrome";v="85", "Chromium";v="85"',
  'HTTP_DNT' => '1',
  'HTTP_SEC_CH_UA_MOBILE' => '?0',
  'HTTP_USER_AGENT' => 'Mozilla/5.0 (Windows NT 10.0; Win64; x64) AppleWebKit/537.36 (KHTML, like Gecko) Chrome/85.0.4183.121 Safari/537.36',
  'HTTP_ACCEPT' => 'image/avif,image/webp,image/apng,image/*,*/*;q=0.8',
  'HTTP_SEC_FETCH_SITE' => 'same-site',
  'HTTP_SEC_FETCH_MODE' => 'no-cors',
  'HTTP_SEC_FETCH_DEST' => 'image',
  'HTTP_REFERER' => 'https://admin.moneymag.ml/welcome',
  'HTTP_ACCEPT_ENCODING' => 'gzip, deflate, br',
  'HTTP_ACCEPT_LANGUAGE' => 'en-US,en;q=0.9',
  'HTTP_COOKIE' => 'PHPSESSID=g7g5aouisigjcihhbq6m2p3fr5; APP_CSRF_TOKEN=90babc587a9c708fcad40fad0a37fa949951e2f1s%3A88%3A%22UGFfaTFqMmFZaU11dzZSVmJKSFBDZl9mYmlFS1ZUVjKRif_ZrKpRjQR0PUdJGrnEsy18a-fQpPmSHY1d5FTWsA%3D%3D%22%3B',
  'PATH' => '/usr/local/sbin:/usr/local/bin:/usr/sbin:/usr/bin:/sbin:/bin:/snap/bin',
  'SERVER_SIGNATURE' => '<address>Apache/2.4.41 (Ubuntu) Server at moneymag.ml Port 443</address>
',
  'SERVER_SOFTWARE' => 'Apache/2.4.41 (Ubuntu)',
  'SERVER_NAME' => 'moneymag.ml',
  'SERVER_ADDR' => '104.248.49.238',
  'SERVER_PORT' => '443',
  'REMOTE_ADDR' => '197.210.47.120',
  'DOCUMENT_ROOT' => '/var/www/moneymag.ml/multishop-merchant/www',
  'REQUEST_SCHEME' => 'https',
  'CONTEXT_PREFIX' => '',
  'CONTEXT_DOCUMENT_ROOT' => '/var/www/moneymag.ml/multishop-merchant/www',
  'SERVER_ADMIN' => 'webmaster@localhost',
  'SCRIPT_FILENAME' => '/var/www/moneymag.ml/multishop-merchant/www/index.php',
  'REMOTE_PORT' => '8616',
  'REDIRECT_URL' => '/multishop-admin/www/files/images/default-account.jpg',
  'GATEWAY_INTERFACE' => 'CGI/1.1',
  'SERVER_PROTOCOL' => 'HTTP/1.1',
  'REQUEST_METHOD' => 'GET',
  'QUERY_STRING' => '',
  'REQUEST_URI' => '/multishop-admin/www/files/images/default-account.jpg',
  'SCRIPT_NAME' => '/index.php',
  'PHP_SELF' => '/index.php',
  'REQUEST_TIME_FLOAT' => 1601364934.138764,
  'REQUEST_TIME' => 1601364934,
)
in /var/www/moneymag.ml/multishop-kernel/config/globals.php (203)
in /var/www/moneymag.ml/multishop-merchant/config/main.php (2)
in /var/www/moneymag.ml/multishop-kernel/components/Yii.php (123)
in /var/www/moneymag.ml/multishop-kernel/components/Yii.php (96)
in /var/www/moneymag.ml/multishop-merchant/www/index.php (7)
2020/09/29 15:35:34 [trace] [application] SWebApp::__construct start webapp "multishop-merchant" params >> array (
  'ORG_NAME' => 'Multishop.org',
  'SITE_NAME' => 'Multishop Merchant',
  'SITE_LOGO' => false,
  'HOST_DOMAIN' => 'merchant.moneymag.ml',
  'API_DOMAIN' => 'api.moneymag.ml',
  'BOT_DOMAIN' => 'chatbot.moneymag.ml',
  'SHOP_DOMAIN' => 'shop.moneymag.ml',
  'SHOP_THEME_BASEPATH' => '/var/www/moneymag.ml/multishop-shop-assets/themes',
  'SHOP_WIDGET_BASEPATH' => '/var/www/moneymag.ml/multishop-shop-assets/widgets',
  'OAUTH' => true,
  'RECEIPT_TEMPLATE_EMAIL' => 'common.modules.billings.receipts.template_email',
  'RECEIPT_TEMPLATE_EMAIL_ADHOC' => 'common.modules.billings.receipts.template_email_adhoc',
  'RECEIPT_TEMPLATE_PDF' => 'common.modules.billings.receipts.receipt.template_pdf',
  'RECEIPT_TEMPLATE_PDF_ADHOC' => 'common.modules.billings.receipts.receipt.template_pdf_adhoc',
  'WIZARD_APP_ID' => 'merchant',
  'GTM_ACCOUNT' => '<Please input the google analytics account id (GTM)>',
  'GOOGLE_ANALYTICS' => false,
  'DRIFT_ID' => '<Please input Drift widget id>',
  'DRIFT_ENABLE' => 
  array (
    0 => '<Please input app id>',
    1 => '<Please input app id 2>',
    2 => '<and so on>',
  ),
  'DRIFT_AFTER_LOGIN' => 
  array (
    0 => '<Please input app id>',
    1 => '<Please input app id 2>',
    2 => '<and so on>',
  ),
  'FACEBOOK_PAGEAPP_ID' => '<Please input the facebook page app id for merchant shop appeared in facebook page tab>',
  'FACEBOOK_PAGEAPP_SECRET' => '<Please input the facebook page app secret for merchant shop appeared in facebook page tab>',
  'APP_VERSION' => 'Beta',
  'OAUTH_CLIENT_PORTAL' => 'ShopbayOauthApp',
  'CSRF_TOKEN_NAME' => 'APP_CSRF_TOKEN',
  'LOCALE_DEFAULT' => 'en_sg',
  'DATETIME_FORMAT' => 'd/M/yy h:mm a',
  'DATE_FORMAT' => 'd/M/yy',
  'BOWER_ASSET_DIR' => 'bower-asset',
)
in /var/www/moneymag.ml/multishop-kernel/components/Yii.php (455)
in /var/www/moneymag.ml/multishop-kernel/components/SWebApp.php (44)
in /var/www/moneymag.ml/multishop-merchant/config/main.php (5)
in /var/www/moneymag.ml/multishop-kernel/components/Yii.php (123)
in /var/www/moneymag.ml/multishop-kernel/components/Yii.php (96)
in /var/www/moneymag.ml/multishop-merchant/www/index.php (7)
2020/09/29 15:35:34 [trace] [application] *** start loading dependencies ***
in /var/www/moneymag.ml/multishop-kernel/components/Yii.php (455)
in /var/www/moneymag.ml/multishop-kernel/config/globals.php (296)
in /var/www/moneymag.ml/multishop-merchant/config/dependencies.php (254)
in /var/www/moneymag.ml/multishop-kernel/components/SWebApp.php (46)
in /var/www/moneymag.ml/multishop-merchant/config/main.php (5)
in /var/www/moneymag.ml/multishop-kernel/components/Yii.php (123)
in /var/www/moneymag.ml/multishop-kernel/components/Yii.php (96)
in /var/www/moneymag.ml/multishop-merchant/www/index.php (7)
2020/09/29 15:35:34 [trace] [application] *** start loading modules ***
in /var/www/moneymag.ml/multishop-kernel/components/Yii.php (455)
in /var/www/moneymag.ml/multishop-kernel/config/globals.php (333)
in /var/www/moneymag.ml/multishop-kernel/components/SWebApp.php (215)
in /var/www/moneymag.ml/multishop-merchant/config/main.php (144)
in /var/www/moneymag.ml/multishop-kernel/components/Yii.php (123)
in /var/www/moneymag.ml/multishop-kernel/components/Yii.php (96)
in /var/www/moneymag.ml/multishop-merchant/www/index.php (7)
2020/09/29 15:37:46 [error] [exception.CHttpException.404] CHttpException: Unable to resolve the request "vendor/yiisoft/yii2-swiftmailer/composer.json". in /var/www/moneymag.ml/vendor/yiisoft/yii/framework/web/CWebApplication.php:286
Stack trace:
#0 /var/www/moneymag.ml/vendor/yiisoft/yii/framework/web/CWebApplication.php(141): CWebApplication->runController()
#1 /var/www/moneymag.ml/vendor/yiisoft/yii/framework/base/CApplication.php(185): CWebApplication->processRequest()
#2 /var/www/moneymag.ml/multishop-merchant/www/index.php(7): CApplication->run()
#3 {main}
REQUEST_URI=/vendor/yiisoft/yii2-swiftmailer/composer.json
---
2020/09/29 15:37:46 [info] [application] *** start web request *** >> array (
  'REDIRECT_HTTPS' => 'on',
  'REDIRECT_SSL_TLS_SNI' => 'moneymag.ml',
  'REDIRECT_STATUS' => '200',
  'HTTPS' => 'on',
  'SSL_TLS_SNI' => 'moneymag.ml',
  'HTTP_HOST' => 'moneymag.ml',
  'HTTP_AMP_CACHE_TRANSFORM' => 'google;v="1..4"',
  'HTTP_CONNECTION' => 'keep-alive',
  'HTTP_ACCEPT' => 'text/html,application/xhtml+xml,application/signed-exchange;v=b3,application/xml;q=0.9,*/*;q=0.8',
  'HTTP_FROM' => 'googlebot(at)googlebot.com',
  'HTTP_USER_AGENT' => 'Mozilla/5.0 (Linux; Android 6.0.1; Nexus 5X Build/MMB29P) AppleWebKit/537.36 (KHTML, like Gecko) Chrome/85.0.4183.132 Mobile Safari/537.36 (compatible; Googlebot/2.1; +http://www.google.com/bot.html)',
  'HTTP_ACCEPT_ENCODING' => 'gzip,deflate,br',
  'PATH' => '/usr/local/sbin:/usr/local/bin:/usr/sbin:/usr/bin:/sbin:/bin:/snap/bin',
  'SERVER_SIGNATURE' => '<address>Apache/2.4.41 (Ubuntu) Server at moneymag.ml Port 443</address>
',
  'SERVER_SOFTWARE' => 'Apache/2.4.41 (Ubuntu)',
  'SERVER_NAME' => 'moneymag.ml',
  'SERVER_ADDR' => '104.248.49.238',
  'SERVER_PORT' => '443',
  'REMOTE_ADDR' => '66.249.64.210',
  'DOCUMENT_ROOT' => '/var/www/moneymag.ml/multishop-merchant/www',
  'REQUEST_SCHEME' => 'https',
  'CONTEXT_PREFIX' => '',
  'CONTEXT_DOCUMENT_ROOT' => '/var/www/moneymag.ml/multishop-merchant/www',
  'SERVER_ADMIN' => 'webmaster@localhost',
  'SCRIPT_FILENAME' => '/var/www/moneymag.ml/multishop-merchant/www/index.php',
  'REMOTE_PORT' => '49011',
  'REDIRECT_URL' => '/vendor/yiisoft/yii2-swiftmailer/composer.json',
  'GATEWAY_INTERFACE' => 'CGI/1.1',
  'SERVER_PROTOCOL' => 'HTTP/1.1',
  'REQUEST_METHOD' => 'GET',
  'QUERY_STRING' => '',
  'REQUEST_URI' => '/vendor/yiisoft/yii2-swiftmailer/composer.json',
  'SCRIPT_NAME' => '/index.php',
  'PHP_SELF' => '/index.php',
  'REQUEST_TIME_FLOAT' => 1601365066.107784,
  'REQUEST_TIME' => 1601365066,
)
in /var/www/moneymag.ml/multishop-kernel/config/globals.php (203)
in /var/www/moneymag.ml/multishop-merchant/config/main.php (2)
in /var/www/moneymag.ml/multishop-kernel/components/Yii.php (123)
in /var/www/moneymag.ml/multishop-kernel/components/Yii.php (96)
in /var/www/moneymag.ml/multishop-merchant/www/index.php (7)
2020/09/29 15:37:46 [trace] [application] SWebApp::__construct start webapp "multishop-merchant" params >> array (
  'ORG_NAME' => 'Multishop.org',
  'SITE_NAME' => 'Multishop Merchant',
  'SITE_LOGO' => false,
  'HOST_DOMAIN' => 'merchant.moneymag.ml',
  'API_DOMAIN' => 'api.moneymag.ml',
  'BOT_DOMAIN' => 'chatbot.moneymag.ml',
  'SHOP_DOMAIN' => 'shop.moneymag.ml',
  'SHOP_THEME_BASEPATH' => '/var/www/moneymag.ml/multishop-shop-assets/themes',
  'SHOP_WIDGET_BASEPATH' => '/var/www/moneymag.ml/multishop-shop-assets/widgets',
  'OAUTH' => true,
  'RECEIPT_TEMPLATE_EMAIL' => 'common.modules.billings.receipts.template_email',
  'RECEIPT_TEMPLATE_EMAIL_ADHOC' => 'common.modules.billings.receipts.template_email_adhoc',
  'RECEIPT_TEMPLATE_PDF' => 'common.modules.billings.receipts.receipt.template_pdf',
  'RECEIPT_TEMPLATE_PDF_ADHOC' => 'common.modules.billings.receipts.receipt.template_pdf_adhoc',
  'WIZARD_APP_ID' => 'merchant',
  'GTM_ACCOUNT' => '<Please input the google analytics account id (GTM)>',
  'GOOGLE_ANALYTICS' => false,
  'DRIFT_ID' => '<Please input Drift widget id>',
  'DRIFT_ENABLE' => 
  array (
    0 => '<Please input app id>',
    1 => '<Please input app id 2>',
    2 => '<and so on>',
  ),
  'DRIFT_AFTER_LOGIN' => 
  array (
    0 => '<Please input app id>',
    1 => '<Please input app id 2>',
    2 => '<and so on>',
  ),
  'FACEBOOK_PAGEAPP_ID' => '<Please input the facebook page app id for merchant shop appeared in facebook page tab>',
  'FACEBOOK_PAGEAPP_SECRET' => '<Please input the facebook page app secret for merchant shop appeared in facebook page tab>',
  'APP_VERSION' => 'Beta',
  'OAUTH_CLIENT_PORTAL' => 'ShopbayOauthApp',
  'CSRF_TOKEN_NAME' => 'APP_CSRF_TOKEN',
  'LOCALE_DEFAULT' => 'en_sg',
  'DATETIME_FORMAT' => 'd/M/yy h:mm a',
  'DATE_FORMAT' => 'd/M/yy',
  'BOWER_ASSET_DIR' => 'bower-asset',
)
in /var/www/moneymag.ml/multishop-kernel/components/Yii.php (455)
in /var/www/moneymag.ml/multishop-kernel/components/SWebApp.php (44)
in /var/www/moneymag.ml/multishop-merchant/config/main.php (5)
in /var/www/moneymag.ml/multishop-kernel/components/Yii.php (123)
in /var/www/moneymag.ml/multishop-kernel/components/Yii.php (96)
in /var/www/moneymag.ml/multishop-merchant/www/index.php (7)
2020/09/29 15:37:46 [trace] [application] *** start loading dependencies ***
in /var/www/moneymag.ml/multishop-kernel/components/Yii.php (455)
in /var/www/moneymag.ml/multishop-kernel/config/globals.php (296)
in /var/www/moneymag.ml/multishop-merchant/config/dependencies.php (254)
in /var/www/moneymag.ml/multishop-kernel/components/SWebApp.php (46)
in /var/www/moneymag.ml/multishop-merchant/config/main.php (5)
in /var/www/moneymag.ml/multishop-kernel/components/Yii.php (123)
in /var/www/moneymag.ml/multishop-kernel/components/Yii.php (96)
in /var/www/moneymag.ml/multishop-merchant/www/index.php (7)
2020/09/29 15:37:46 [trace] [application] *** start loading modules ***
in /var/www/moneymag.ml/multishop-kernel/components/Yii.php (455)
in /var/www/moneymag.ml/multishop-kernel/config/globals.php (333)
in /var/www/moneymag.ml/multishop-kernel/components/SWebApp.php (215)
in /var/www/moneymag.ml/multishop-merchant/config/main.php (144)
in /var/www/moneymag.ml/multishop-kernel/components/Yii.php (123)
in /var/www/moneymag.ml/multishop-kernel/components/Yii.php (96)
in /var/www/moneymag.ml/multishop-merchant/www/index.php (7)
2020/09/29 15:44:58 [error] [exception.CHttpException.404] CHttpException: Unable to resolve the request "vendor/phpspec/prophecy/tests". in /var/www/moneymag.ml/vendor/yiisoft/yii/framework/web/CWebApplication.php:286
Stack trace:
#0 /var/www/moneymag.ml/vendor/yiisoft/yii/framework/web/CWebApplication.php(141): CWebApplication->runController()
#1 /var/www/moneymag.ml/vendor/yiisoft/yii/framework/base/CApplication.php(185): CWebApplication->processRequest()
#2 /var/www/moneymag.ml/multishop-merchant/www/index.php(7): CApplication->run()
#3 {main}
REQUEST_URI=/vendor/phpspec/prophecy/tests/
---
2020/09/29 15:44:58 [info] [application] *** start web request *** >> array (
  'REDIRECT_HTTPS' => 'on',
  'REDIRECT_SSL_TLS_SNI' => 'moneymag.ml',
  'REDIRECT_STATUS' => '200',
  'HTTPS' => 'on',
  'SSL_TLS_SNI' => 'moneymag.ml',
  'HTTP_HOST' => 'moneymag.ml',
  'HTTP_AMP_CACHE_TRANSFORM' => 'google;v="1..4"',
  'HTTP_CONNECTION' => 'keep-alive',
  'HTTP_ACCEPT' => 'text/html,application/xhtml+xml,application/signed-exchange;v=b3,application/xml;q=0.9,*/*;q=0.8',
  'HTTP_FROM' => 'googlebot(at)googlebot.com',
  'HTTP_USER_AGENT' => 'Mozilla/5.0 (Linux; Android 6.0.1; Nexus 5X Build/MMB29P) AppleWebKit/537.36 (KHTML, like Gecko) Chrome/85.0.4183.132 Mobile Safari/537.36 (compatible; Googlebot/2.1; +http://www.google.com/bot.html)',
  'HTTP_ACCEPT_ENCODING' => 'gzip,deflate,br',
  'PATH' => '/usr/local/sbin:/usr/local/bin:/usr/sbin:/usr/bin:/sbin:/bin:/snap/bin',
  'SERVER_SIGNATURE' => '<address>Apache/2.4.41 (Ubuntu) Server at moneymag.ml Port 443</address>
',
  'SERVER_SOFTWARE' => 'Apache/2.4.41 (Ubuntu)',
  'SERVER_NAME' => 'moneymag.ml',
  'SERVER_ADDR' => '104.248.49.238',
  'SERVER_PORT' => '443',
  'REMOTE_ADDR' => '66.249.64.210',
  'DOCUMENT_ROOT' => '/var/www/moneymag.ml/multishop-merchant/www',
  'REQUEST_SCHEME' => 'https',
  'CONTEXT_PREFIX' => '',
  'CONTEXT_DOCUMENT_ROOT' => '/var/www/moneymag.ml/multishop-merchant/www',
  'SERVER_ADMIN' => 'webmaster@localhost',
  'SCRIPT_FILENAME' => '/var/www/moneymag.ml/multishop-merchant/www/index.php',
  'REMOTE_PORT' => '60224',
  'REDIRECT_URL' => '/vendor/phpspec/prophecy/tests/',
  'GATEWAY_INTERFACE' => 'CGI/1.1',
  'SERVER_PROTOCOL' => 'HTTP/1.1',
  'REQUEST_METHOD' => 'GET',
  'QUERY_STRING' => '',
  'REQUEST_URI' => '/vendor/phpspec/prophecy/tests/',
  'SCRIPT_NAME' => '/index.php',
  'PHP_SELF' => '/index.php',
  'REQUEST_TIME_FLOAT' => 1601365498.328286,
  'REQUEST_TIME' => 1601365498,
)
in /var/www/moneymag.ml/multishop-kernel/config/globals.php (203)
in /var/www/moneymag.ml/multishop-merchant/config/main.php (2)
in /var/www/moneymag.ml/multishop-kernel/components/Yii.php (123)
in /var/www/moneymag.ml/multishop-kernel/components/Yii.php (96)
in /var/www/moneymag.ml/multishop-merchant/www/index.php (7)
2020/09/29 15:44:58 [trace] [application] SWebApp::__construct start webapp "multishop-merchant" params >> array (
  'ORG_NAME' => 'Multishop.org',
  'SITE_NAME' => 'Multishop Merchant',
  'SITE_LOGO' => false,
  'HOST_DOMAIN' => 'merchant.moneymag.ml',
  'API_DOMAIN' => 'api.moneymag.ml',
  'BOT_DOMAIN' => 'chatbot.moneymag.ml',
  'SHOP_DOMAIN' => 'shop.moneymag.ml',
  'SHOP_THEME_BASEPATH' => '/var/www/moneymag.ml/multishop-shop-assets/themes',
  'SHOP_WIDGET_BASEPATH' => '/var/www/moneymag.ml/multishop-shop-assets/widgets',
  'OAUTH' => true,
  'RECEIPT_TEMPLATE_EMAIL' => 'common.modules.billings.receipts.template_email',
  'RECEIPT_TEMPLATE_EMAIL_ADHOC' => 'common.modules.billings.receipts.template_email_adhoc',
  'RECEIPT_TEMPLATE_PDF' => 'common.modules.billings.receipts.receipt.template_pdf',
  'RECEIPT_TEMPLATE_PDF_ADHOC' => 'common.modules.billings.receipts.receipt.template_pdf_adhoc',
  'WIZARD_APP_ID' => 'merchant',
  'GTM_ACCOUNT' => '<Please input the google analytics account id (GTM)>',
  'GOOGLE_ANALYTICS' => false,
  'DRIFT_ID' => '<Please input Drift widget id>',
  'DRIFT_ENABLE' => 
  array (
    0 => '<Please input app id>',
    1 => '<Please input app id 2>',
    2 => '<and so on>',
  ),
  'DRIFT_AFTER_LOGIN' => 
  array (
    0 => '<Please input app id>',
    1 => '<Please input app id 2>',
    2 => '<and so on>',
  ),
  'FACEBOOK_PAGEAPP_ID' => '<Please input the facebook page app id for merchant shop appeared in facebook page tab>',
  'FACEBOOK_PAGEAPP_SECRET' => '<Please input the facebook page app secret for merchant shop appeared in facebook page tab>',
  'APP_VERSION' => 'Beta',
  'OAUTH_CLIENT_PORTAL' => 'ShopbayOauthApp',
  'CSRF_TOKEN_NAME' => 'APP_CSRF_TOKEN',
  'LOCALE_DEFAULT' => 'en_sg',
  'DATETIME_FORMAT' => 'd/M/yy h:mm a',
  'DATE_FORMAT' => 'd/M/yy',
  'BOWER_ASSET_DIR' => 'bower-asset',
)
in /var/www/moneymag.ml/multishop-kernel/components/Yii.php (455)
in /var/www/moneymag.ml/multishop-kernel/components/SWebApp.php (44)
in /var/www/moneymag.ml/multishop-merchant/config/main.php (5)
in /var/www/moneymag.ml/multishop-kernel/components/Yii.php (123)
in /var/www/moneymag.ml/multishop-kernel/components/Yii.php (96)
in /var/www/moneymag.ml/multishop-merchant/www/index.php (7)
2020/09/29 15:44:58 [trace] [application] *** start loading dependencies ***
in /var/www/moneymag.ml/multishop-kernel/components/Yii.php (455)
in /var/www/moneymag.ml/multishop-kernel/config/globals.php (296)
in /var/www/moneymag.ml/multishop-merchant/config/dependencies.php (254)
in /var/www/moneymag.ml/multishop-kernel/components/SWebApp.php (46)
in /var/www/moneymag.ml/multishop-merchant/config/main.php (5)
in /var/www/moneymag.ml/multishop-kernel/components/Yii.php (123)
in /var/www/moneymag.ml/multishop-kernel/components/Yii.php (96)
in /var/www/moneymag.ml/multishop-merchant/www/index.php (7)
2020/09/29 15:44:58 [trace] [application] *** start loading modules ***
in /var/www/moneymag.ml/multishop-kernel/components/Yii.php (455)
in /var/www/moneymag.ml/multishop-kernel/config/globals.php (333)
in /var/www/moneymag.ml/multishop-kernel/components/SWebApp.php (215)
in /var/www/moneymag.ml/multishop-merchant/config/main.php (144)
in /var/www/moneymag.ml/multishop-kernel/components/Yii.php (123)
in /var/www/moneymag.ml/multishop-kernel/components/Yii.php (96)
in /var/www/moneymag.ml/multishop-merchant/www/index.php (7)
2020/09/29 15:52:10 [error] [exception.CHttpException.404] CHttpException: Unable to resolve the request "multishop-shop-assets/widgets/shopproductmenu/ProductBrandMenu.php". in /var/www/moneymag.ml/vendor/yiisoft/yii/framework/web/CWebApplication.php:286
Stack trace:
#0 /var/www/moneymag.ml/vendor/yiisoft/yii/framework/web/CWebApplication.php(141): CWebApplication->runController()
#1 /var/www/moneymag.ml/vendor/yiisoft/yii/framework/base/CApplication.php(185): CWebApplication->processRequest()
#2 /var/www/moneymag.ml/multishop-merchant/www/index.php(7): CApplication->run()
#3 {main}
REQUEST_URI=/multishop-shop-assets/widgets/shopproductmenu/ProductBrandMenu.php
---
2020/09/29 15:52:10 [info] [application] *** start web request *** >> array (
  'REDIRECT_HTTPS' => 'on',
  'REDIRECT_SSL_TLS_SNI' => 'moneymag.ml',
  'REDIRECT_STATUS' => '200',
  'HTTPS' => 'on',
  'SSL_TLS_SNI' => 'moneymag.ml',
  'HTTP_HOST' => 'moneymag.ml',
  'HTTP_AMP_CACHE_TRANSFORM' => 'google;v="1..4"',
  'HTTP_CONNECTION' => 'keep-alive',
  'HTTP_ACCEPT' => 'text/html,application/xhtml+xml,application/signed-exchange;v=b3,application/xml;q=0.9,*/*;q=0.8',
  'HTTP_FROM' => 'googlebot(at)googlebot.com',
  'HTTP_USER_AGENT' => 'Mozilla/5.0 (Linux; Android 6.0.1; Nexus 5X Build/MMB29P) AppleWebKit/537.36 (KHTML, like Gecko) Chrome/85.0.4183.132 Mobile Safari/537.36 (compatible; Googlebot/2.1; +http://www.google.com/bot.html)',
  'HTTP_ACCEPT_ENCODING' => 'gzip,deflate,br',
  'PATH' => '/usr/local/sbin:/usr/local/bin:/usr/sbin:/usr/bin:/sbin:/bin:/snap/bin',
  'SERVER_SIGNATURE' => '<address>Apache/2.4.41 (Ubuntu) Server at moneymag.ml Port 443</address>
',
  'SERVER_SOFTWARE' => 'Apache/2.4.41 (Ubuntu)',
  'SERVER_NAME' => 'moneymag.ml',
  'SERVER_ADDR' => '104.248.49.238',
  'SERVER_PORT' => '443',
  'REMOTE_ADDR' => '66.249.64.210',
  'DOCUMENT_ROOT' => '/var/www/moneymag.ml/multishop-merchant/www',
  'REQUEST_SCHEME' => 'https',
  'CONTEXT_PREFIX' => '',
  'CONTEXT_DOCUMENT_ROOT' => '/var/www/moneymag.ml/multishop-merchant/www',
  'SERVER_ADMIN' => 'webmaster@localhost',
  'SCRIPT_FILENAME' => '/var/www/moneymag.ml/multishop-merchant/www/index.php',
  'REMOTE_PORT' => '35912',
  'REDIRECT_URL' => '/multishop-shop-assets/widgets/shopproductmenu/ProductBrandMenu.php',
  'GATEWAY_INTERFACE' => 'CGI/1.1',
  'SERVER_PROTOCOL' => 'HTTP/1.1',
  'REQUEST_METHOD' => 'GET',
  'QUERY_STRING' => '',
  'REQUEST_URI' => '/multishop-shop-assets/widgets/shopproductmenu/ProductBrandMenu.php',
  'SCRIPT_NAME' => '/index.php',
  'PHP_SELF' => '/index.php',
  'REQUEST_TIME_FLOAT' => 1601365930.115581,
  'REQUEST_TIME' => 1601365930,
)
in /var/www/moneymag.ml/multishop-kernel/config/globals.php (203)
in /var/www/moneymag.ml/multishop-merchant/config/main.php (2)
in /var/www/moneymag.ml/multishop-kernel/components/Yii.php (123)
in /var/www/moneymag.ml/multishop-kernel/components/Yii.php (96)
in /var/www/moneymag.ml/multishop-merchant/www/index.php (7)
2020/09/29 15:52:10 [trace] [application] SWebApp::__construct start webapp "multishop-merchant" params >> array (
  'ORG_NAME' => 'Multishop.org',
  'SITE_NAME' => 'Multishop Merchant',
  'SITE_LOGO' => false,
  'HOST_DOMAIN' => 'merchant.moneymag.ml',
  'API_DOMAIN' => 'api.moneymag.ml',
  'BOT_DOMAIN' => 'chatbot.moneymag.ml',
  'SHOP_DOMAIN' => 'shop.moneymag.ml',
  'SHOP_THEME_BASEPATH' => '/var/www/moneymag.ml/multishop-shop-assets/themes',
  'SHOP_WIDGET_BASEPATH' => '/var/www/moneymag.ml/multishop-shop-assets/widgets',
  'OAUTH' => true,
  'RECEIPT_TEMPLATE_EMAIL' => 'common.modules.billings.receipts.template_email',
  'RECEIPT_TEMPLATE_EMAIL_ADHOC' => 'common.modules.billings.receipts.template_email_adhoc',
  'RECEIPT_TEMPLATE_PDF' => 'common.modules.billings.receipts.receipt.template_pdf',
  'RECEIPT_TEMPLATE_PDF_ADHOC' => 'common.modules.billings.receipts.receipt.template_pdf_adhoc',
  'WIZARD_APP_ID' => 'merchant',
  'GTM_ACCOUNT' => '<Please input the google analytics account id (GTM)>',
  'GOOGLE_ANALYTICS' => false,
  'DRIFT_ID' => '<Please input Drift widget id>',
  'DRIFT_ENABLE' => 
  array (
    0 => '<Please input app id>',
    1 => '<Please input app id 2>',
    2 => '<and so on>',
  ),
  'DRIFT_AFTER_LOGIN' => 
  array (
    0 => '<Please input app id>',
    1 => '<Please input app id 2>',
    2 => '<and so on>',
  ),
  'FACEBOOK_PAGEAPP_ID' => '<Please input the facebook page app id for merchant shop appeared in facebook page tab>',
  'FACEBOOK_PAGEAPP_SECRET' => '<Please input the facebook page app secret for merchant shop appeared in facebook page tab>',
  'APP_VERSION' => 'Beta',
  'OAUTH_CLIENT_PORTAL' => 'ShopbayOauthApp',
  'CSRF_TOKEN_NAME' => 'APP_CSRF_TOKEN',
  'LOCALE_DEFAULT' => 'en_sg',
  'DATETIME_FORMAT' => 'd/M/yy h:mm a',
  'DATE_FORMAT' => 'd/M/yy',
  'BOWER_ASSET_DIR' => 'bower-asset',
)
in /var/www/moneymag.ml/multishop-kernel/components/Yii.php (455)
in /var/www/moneymag.ml/multishop-kernel/components/SWebApp.php (44)
in /var/www/moneymag.ml/multishop-merchant/config/main.php (5)
in /var/www/moneymag.ml/multishop-kernel/components/Yii.php (123)
in /var/www/moneymag.ml/multishop-kernel/components/Yii.php (96)
in /var/www/moneymag.ml/multishop-merchant/www/index.php (7)
2020/09/29 15:52:10 [trace] [application] *** start loading dependencies ***
in /var/www/moneymag.ml/multishop-kernel/components/Yii.php (455)
in /var/www/moneymag.ml/multishop-kernel/config/globals.php (296)
in /var/www/moneymag.ml/multishop-merchant/config/dependencies.php (254)
in /var/www/moneymag.ml/multishop-kernel/components/SWebApp.php (46)
in /var/www/moneymag.ml/multishop-merchant/config/main.php (5)
in /var/www/moneymag.ml/multishop-kernel/components/Yii.php (123)
in /var/www/moneymag.ml/multishop-kernel/components/Yii.php (96)
in /var/www/moneymag.ml/multishop-merchant/www/index.php (7)
2020/09/29 15:52:10 [trace] [application] *** start loading modules ***
in /var/www/moneymag.ml/multishop-kernel/components/Yii.php (455)
in /var/www/moneymag.ml/multishop-kernel/config/globals.php (333)
in /var/www/moneymag.ml/multishop-kernel/components/SWebApp.php (215)
in /var/www/moneymag.ml/multishop-merchant/config/main.php (144)
in /var/www/moneymag.ml/multishop-kernel/components/Yii.php (123)
in /var/www/moneymag.ml/multishop-kernel/components/Yii.php (96)
in /var/www/moneymag.ml/multishop-merchant/www/index.php (7)
2020/09/29 15:59:21 [error] [exception.CHttpException.404] CHttpException: Unable to resolve the request "multishop-kernel/modules/rights/assets". in /var/www/moneymag.ml/vendor/yiisoft/yii/framework/web/CWebApplication.php:286
Stack trace:
#0 /var/www/moneymag.ml/vendor/yiisoft/yii/framework/web/CWebApplication.php(141): CWebApplication->runController()
#1 /var/www/moneymag.ml/vendor/yiisoft/yii/framework/base/CApplication.php(185): CWebApplication->processRequest()
#2 /var/www/moneymag.ml/multishop-merchant/www/index.php(7): CApplication->run()
#3 {main}
REQUEST_URI=/multishop-kernel/modules/rights/assets/
---
2020/09/29 15:59:21 [info] [application] *** start web request *** >> array (
  'REDIRECT_HTTPS' => 'on',
  'REDIRECT_SSL_TLS_SNI' => 'moneymag.ml',
  'REDIRECT_STATUS' => '200',
  'HTTPS' => 'on',
  'SSL_TLS_SNI' => 'moneymag.ml',
  'HTTP_HOST' => 'moneymag.ml',
  'HTTP_AMP_CACHE_TRANSFORM' => 'google;v="1..4"',
  'HTTP_CONNECTION' => 'keep-alive',
  'HTTP_ACCEPT' => 'text/html,application/xhtml+xml,application/signed-exchange;v=b3,application/xml;q=0.9,*/*;q=0.8',
  'HTTP_FROM' => 'googlebot(at)googlebot.com',
  'HTTP_USER_AGENT' => 'Mozilla/5.0 (Linux; Android 6.0.1; Nexus 5X Build/MMB29P) AppleWebKit/537.36 (KHTML, like Gecko) Chrome/85.0.4183.135 Mobile Safari/537.36 (compatible; Googlebot/2.1; +http://www.google.com/bot.html)',
  'HTTP_ACCEPT_ENCODING' => 'gzip,deflate,br',
  'PATH' => '/usr/local/sbin:/usr/local/bin:/usr/sbin:/usr/bin:/sbin:/bin:/snap/bin',
  'SERVER_SIGNATURE' => '<address>Apache/2.4.41 (Ubuntu) Server at moneymag.ml Port 443</address>
',
  'SERVER_SOFTWARE' => 'Apache/2.4.41 (Ubuntu)',
  'SERVER_NAME' => 'moneymag.ml',
  'SERVER_ADDR' => '104.248.49.238',
  'SERVER_PORT' => '443',
  'REMOTE_ADDR' => '66.249.64.210',
  'DOCUMENT_ROOT' => '/var/www/moneymag.ml/multishop-merchant/www',
  'REQUEST_SCHEME' => 'https',
  'CONTEXT_PREFIX' => '',
  'CONTEXT_DOCUMENT_ROOT' => '/var/www/moneymag.ml/multishop-merchant/www',
  'SERVER_ADMIN' => 'webmaster@localhost',
  'SCRIPT_FILENAME' => '/var/www/moneymag.ml/multishop-merchant/www/index.php',
  'REMOTE_PORT' => '52628',
  'REDIRECT_URL' => '/multishop-kernel/modules/rights/assets/',
  'GATEWAY_INTERFACE' => 'CGI/1.1',
  'SERVER_PROTOCOL' => 'HTTP/1.1',
  'REQUEST_METHOD' => 'GET',
  'QUERY_STRING' => '',
  'REQUEST_URI' => '/multishop-kernel/modules/rights/assets/',
  'SCRIPT_NAME' => '/index.php',
  'PHP_SELF' => '/index.php',
  'REQUEST_TIME_FLOAT' => 1601366361.40713,
  'REQUEST_TIME' => 1601366361,
)
in /var/www/moneymag.ml/multishop-kernel/config/globals.php (203)
in /var/www/moneymag.ml/multishop-merchant/config/main.php (2)
in /var/www/moneymag.ml/multishop-kernel/components/Yii.php (123)
in /var/www/moneymag.ml/multishop-kernel/components/Yii.php (96)
in /var/www/moneymag.ml/multishop-merchant/www/index.php (7)
2020/09/29 15:59:21 [trace] [application] SWebApp::__construct start webapp "multishop-merchant" params >> array (
  'ORG_NAME' => 'Multishop.org',
  'SITE_NAME' => 'Multishop Merchant',
  'SITE_LOGO' => false,
  'HOST_DOMAIN' => 'merchant.moneymag.ml',
  'API_DOMAIN' => 'api.moneymag.ml',
  'BOT_DOMAIN' => 'chatbot.moneymag.ml',
  'SHOP_DOMAIN' => 'shop.moneymag.ml',
  'SHOP_THEME_BASEPATH' => '/var/www/moneymag.ml/multishop-shop-assets/themes',
  'SHOP_WIDGET_BASEPATH' => '/var/www/moneymag.ml/multishop-shop-assets/widgets',
  'OAUTH' => true,
  'RECEIPT_TEMPLATE_EMAIL' => 'common.modules.billings.receipts.template_email',
  'RECEIPT_TEMPLATE_EMAIL_ADHOC' => 'common.modules.billings.receipts.template_email_adhoc',
  'RECEIPT_TEMPLATE_PDF' => 'common.modules.billings.receipts.receipt.template_pdf',
  'RECEIPT_TEMPLATE_PDF_ADHOC' => 'common.modules.billings.receipts.receipt.template_pdf_adhoc',
  'WIZARD_APP_ID' => 'merchant',
  'GTM_ACCOUNT' => '<Please input the google analytics account id (GTM)>',
  'GOOGLE_ANALYTICS' => false,
  'DRIFT_ID' => '<Please input Drift widget id>',
  'DRIFT_ENABLE' => 
  array (
    0 => '<Please input app id>',
    1 => '<Please input app id 2>',
    2 => '<and so on>',
  ),
  'DRIFT_AFTER_LOGIN' => 
  array (
    0 => '<Please input app id>',
    1 => '<Please input app id 2>',
    2 => '<and so on>',
  ),
  'FACEBOOK_PAGEAPP_ID' => '<Please input the facebook page app id for merchant shop appeared in facebook page tab>',
  'FACEBOOK_PAGEAPP_SECRET' => '<Please input the facebook page app secret for merchant shop appeared in facebook page tab>',
  'APP_VERSION' => 'Beta',
  'OAUTH_CLIENT_PORTAL' => 'ShopbayOauthApp',
  'CSRF_TOKEN_NAME' => 'APP_CSRF_TOKEN',
  'LOCALE_DEFAULT' => 'en_sg',
  'DATETIME_FORMAT' => 'd/M/yy h:mm a',
  'DATE_FORMAT' => 'd/M/yy',
  'BOWER_ASSET_DIR' => 'bower-asset',
)
in /var/www/moneymag.ml/multishop-kernel/components/Yii.php (455)
in /var/www/moneymag.ml/multishop-kernel/components/SWebApp.php (44)
in /var/www/moneymag.ml/multishop-merchant/config/main.php (5)
in /var/www/moneymag.ml/multishop-kernel/components/Yii.php (123)
in /var/www/moneymag.ml/multishop-kernel/components/Yii.php (96)
in /var/www/moneymag.ml/multishop-merchant/www/index.php (7)
2020/09/29 15:59:21 [trace] [application] *** start loading dependencies ***
in /var/www/moneymag.ml/multishop-kernel/components/Yii.php (455)
in /var/www/moneymag.ml/multishop-kernel/config/globals.php (296)
in /var/www/moneymag.ml/multishop-merchant/config/dependencies.php (254)
in /var/www/moneymag.ml/multishop-kernel/components/SWebApp.php (46)
in /var/www/moneymag.ml/multishop-merchant/config/main.php (5)
in /var/www/moneymag.ml/multishop-kernel/components/Yii.php (123)
in /var/www/moneymag.ml/multishop-kernel/components/Yii.php (96)
in /var/www/moneymag.ml/multishop-merchant/www/index.php (7)
2020/09/29 15:59:21 [trace] [application] *** start loading modules ***
in /var/www/moneymag.ml/multishop-kernel/components/Yii.php (455)
in /var/www/moneymag.ml/multishop-kernel/config/globals.php (333)
in /var/www/moneymag.ml/multishop-kernel/components/SWebApp.php (215)
in /var/www/moneymag.ml/multishop-merchant/config/main.php (144)
in /var/www/moneymag.ml/multishop-kernel/components/Yii.php (123)
in /var/www/moneymag.ml/multishop-kernel/components/Yii.php (96)
in /var/www/moneymag.ml/multishop-merchant/www/index.php (7)
2020/09/29 15:59:22 [error] [exception.CHttpException.404] CHttpException: Unable to resolve the request "multishop-shop-assets/widgets/shopproductmenu/ProductCategoryMenu.php". in /var/www/moneymag.ml/vendor/yiisoft/yii/framework/web/CWebApplication.php:286
Stack trace:
#0 /var/www/moneymag.ml/vendor/yiisoft/yii/framework/web/CWebApplication.php(141): CWebApplication->runController()
#1 /var/www/moneymag.ml/vendor/yiisoft/yii/framework/base/CApplication.php(185): CWebApplication->processRequest()
#2 /var/www/moneymag.ml/multishop-merchant/www/index.php(7): CApplication->run()
#3 {main}
REQUEST_URI=/multishop-shop-assets/widgets/shopproductmenu/ProductCategoryMenu.php
---
2020/09/29 15:59:22 [info] [application] *** start web request *** >> array (
  'REDIRECT_HTTPS' => 'on',
  'REDIRECT_SSL_TLS_SNI' => 'moneymag.ml',
  'REDIRECT_STATUS' => '200',
  'HTTPS' => 'on',
  'SSL_TLS_SNI' => 'moneymag.ml',
  'HTTP_HOST' => 'moneymag.ml',
  'HTTP_AMP_CACHE_TRANSFORM' => 'google;v="1..4"',
  'HTTP_CONNECTION' => 'keep-alive',
  'HTTP_ACCEPT' => 'text/html,application/xhtml+xml,application/signed-exchange;v=b3,application/xml;q=0.9,*/*;q=0.8',
  'HTTP_FROM' => 'googlebot(at)googlebot.com',
  'HTTP_USER_AGENT' => 'Mozilla/5.0 (Linux; Android 6.0.1; Nexus 5X Build/MMB29P) AppleWebKit/537.36 (KHTML, like Gecko) Chrome/85.0.4183.132 Mobile Safari/537.36 (compatible; Googlebot/2.1; +http://www.google.com/bot.html)',
  'HTTP_ACCEPT_ENCODING' => 'gzip,deflate,br',
  'PATH' => '/usr/local/sbin:/usr/local/bin:/usr/sbin:/usr/bin:/sbin:/bin:/snap/bin',
  'SERVER_SIGNATURE' => '<address>Apache/2.4.41 (Ubuntu) Server at moneymag.ml Port 443</address>
',
  'SERVER_SOFTWARE' => 'Apache/2.4.41 (Ubuntu)',
  'SERVER_NAME' => 'moneymag.ml',
  'SERVER_ADDR' => '104.248.49.238',
  'SERVER_PORT' => '443',
  'REMOTE_ADDR' => '66.249.64.210',
  'DOCUMENT_ROOT' => '/var/www/moneymag.ml/multishop-merchant/www',
  'REQUEST_SCHEME' => 'https',
  'CONTEXT_PREFIX' => '',
  'CONTEXT_DOCUMENT_ROOT' => '/var/www/moneymag.ml/multishop-merchant/www',
  'SERVER_ADMIN' => 'webmaster@localhost',
  'SCRIPT_FILENAME' => '/var/www/moneymag.ml/multishop-merchant/www/index.php',
  'REMOTE_PORT' => '52628',
  'REDIRECT_URL' => '/multishop-shop-assets/widgets/shopproductmenu/ProductCategoryMenu.php',
  'GATEWAY_INTERFACE' => 'CGI/1.1',
  'SERVER_PROTOCOL' => 'HTTP/1.1',
  'REQUEST_METHOD' => 'GET',
  'QUERY_STRING' => '',
  'REQUEST_URI' => '/multishop-shop-assets/widgets/shopproductmenu/ProductCategoryMenu.php',
  'SCRIPT_NAME' => '/index.php',
  'PHP_SELF' => '/index.php',
  'REQUEST_TIME_FLOAT' => 1601366362.297653,
  'REQUEST_TIME' => 1601366362,
)
in /var/www/moneymag.ml/multishop-kernel/config/globals.php (203)
in /var/www/moneymag.ml/multishop-merchant/config/main.php (2)
in /var/www/moneymag.ml/multishop-kernel/components/Yii.php (123)
in /var/www/moneymag.ml/multishop-kernel/components/Yii.php (96)
in /var/www/moneymag.ml/multishop-merchant/www/index.php (7)
2020/09/29 15:59:22 [trace] [application] SWebApp::__construct start webapp "multishop-merchant" params >> array (
  'ORG_NAME' => 'Multishop.org',
  'SITE_NAME' => 'Multishop Merchant',
  'SITE_LOGO' => false,
  'HOST_DOMAIN' => 'merchant.moneymag.ml',
  'API_DOMAIN' => 'api.moneymag.ml',
  'BOT_DOMAIN' => 'chatbot.moneymag.ml',
  'SHOP_DOMAIN' => 'shop.moneymag.ml',
  'SHOP_THEME_BASEPATH' => '/var/www/moneymag.ml/multishop-shop-assets/themes',
  'SHOP_WIDGET_BASEPATH' => '/var/www/moneymag.ml/multishop-shop-assets/widgets',
  'OAUTH' => true,
  'RECEIPT_TEMPLATE_EMAIL' => 'common.modules.billings.receipts.template_email',
  'RECEIPT_TEMPLATE_EMAIL_ADHOC' => 'common.modules.billings.receipts.template_email_adhoc',
  'RECEIPT_TEMPLATE_PDF' => 'common.modules.billings.receipts.receipt.template_pdf',
  'RECEIPT_TEMPLATE_PDF_ADHOC' => 'common.modules.billings.receipts.receipt.template_pdf_adhoc',
  'WIZARD_APP_ID' => 'merchant',
  'GTM_ACCOUNT' => '<Please input the google analytics account id (GTM)>',
  'GOOGLE_ANALYTICS' => false,
  'DRIFT_ID' => '<Please input Drift widget id>',
  'DRIFT_ENABLE' => 
  array (
    0 => '<Please input app id>',
    1 => '<Please input app id 2>',
    2 => '<and so on>',
  ),
  'DRIFT_AFTER_LOGIN' => 
  array (
    0 => '<Please input app id>',
    1 => '<Please input app id 2>',
    2 => '<and so on>',
  ),
  'FACEBOOK_PAGEAPP_ID' => '<Please input the facebook page app id for merchant shop appeared in facebook page tab>',
  'FACEBOOK_PAGEAPP_SECRET' => '<Please input the facebook page app secret for merchant shop appeared in facebook page tab>',
  'APP_VERSION' => 'Beta',
  'OAUTH_CLIENT_PORTAL' => 'ShopbayOauthApp',
  'CSRF_TOKEN_NAME' => 'APP_CSRF_TOKEN',
  'LOCALE_DEFAULT' => 'en_sg',
  'DATETIME_FORMAT' => 'd/M/yy h:mm a',
  'DATE_FORMAT' => 'd/M/yy',
  'BOWER_ASSET_DIR' => 'bower-asset',
)
in /var/www/moneymag.ml/multishop-kernel/components/Yii.php (455)
in /var/www/moneymag.ml/multishop-kernel/components/SWebApp.php (44)
in /var/www/moneymag.ml/multishop-merchant/config/main.php (5)
in /var/www/moneymag.ml/multishop-kernel/components/Yii.php (123)
in /var/www/moneymag.ml/multishop-kernel/components/Yii.php (96)
in /var/www/moneymag.ml/multishop-merchant/www/index.php (7)
2020/09/29 15:59:22 [trace] [application] *** start loading dependencies ***
in /var/www/moneymag.ml/multishop-kernel/components/Yii.php (455)
in /var/www/moneymag.ml/multishop-kernel/config/globals.php (296)
in /var/www/moneymag.ml/multishop-merchant/config/dependencies.php (254)
in /var/www/moneymag.ml/multishop-kernel/components/SWebApp.php (46)
in /var/www/moneymag.ml/multishop-merchant/config/main.php (5)
in /var/www/moneymag.ml/multishop-kernel/components/Yii.php (123)
in /var/www/moneymag.ml/multishop-kernel/components/Yii.php (96)
in /var/www/moneymag.ml/multishop-merchant/www/index.php (7)
2020/09/29 15:59:22 [trace] [application] *** start loading modules ***
in /var/www/moneymag.ml/multishop-kernel/components/Yii.php (455)
in /var/www/moneymag.ml/multishop-kernel/config/globals.php (333)
in /var/www/moneymag.ml/multishop-kernel/components/SWebApp.php (215)
in /var/www/moneymag.ml/multishop-merchant/config/main.php (144)
in /var/www/moneymag.ml/multishop-kernel/components/Yii.php (123)
in /var/www/moneymag.ml/multishop-kernel/components/Yii.php (96)
in /var/www/moneymag.ml/multishop-merchant/www/index.php (7)
